0 info it worked if it ends with ok
1 verbose cli [ 'C:\\Program Files\\nodejs\\node.exe',
1 verbose cli   'C:\\Program Files\\nodejs\\node_modules\\npm\\bin\\npm-cli.js',
1 verbose cli   'start' ]
2 info using npm@3.3.12
3 info using node@v5.3.0
4 verbose run-script [ 'prestart', 'start', 'poststart' ]
5 info lifecycle 360view@1.0.0~prestart: 360view@1.0.0
6 silly lifecycle 360view@1.0.0~prestart: no script for prestart, continuing
7 info lifecycle 360view@1.0.0~start: 360view@1.0.0
8 verbose lifecycle 360view@1.0.0~start: unsafe-perm in lifecycle true
9 verbose lifecycle 360view@1.0.0~start: PATH: C:\Program Files\nodejs\node_modules\npm\bin\node-gyp-bin;D:\Storage\need2backup\trainings\glwebtraining\training\360view\node_modules\.bin;Z:\bin;C:\Users\vadym.riznyk\AppData\Local\Programs\Git\mingw64\bin;C:\Users\vadym.riznyk\AppData\Local\Programs\Git\usr\local\bin;C:\Users\vadym.riznyk\AppData\Local\Programs\Git\usr\bin;C:\Users\vadym.riznyk\AppData\Local\Programs\Git\usr\bin;C:\Users\vadym.riznyk\AppData\Local\Programs\Git\mingw64\bin;C:\Users\vadym.riznyk\AppData\Local\Programs\Git\usr\bin;Z:\bin;C:\Python34;C:\Python34\Scripts;C:\Windows\system32;C:\Windows;C:\Windows\System32\Wbem;C:\Windows\System32\WindowsPowerShell\v1.0;C:\Program Files (x86)\Google\Google Apps Migration;C:\Program Files (x86)\Google\Google Apps Sync;C:\Program Files\Microsoft SQL Server\110\Tools\Binn;C:\Program Files (x86)\Microsoft SQL Server\110\Tools\Binn;C:\Program Files\Microsoft SQL Server\110\DTS\Binn;C:\Program Files (x86)\Microsoft SQL Server\110\Tools\Binn\ManagementStudio;C:\Program Files (x86)\Microsoft Visual Studio 10.0\Common7\IDE\PrivateAssemblies;C:\Program Files (x86)\Microsoft SQL Server\110\DTS\Binn;C:\Program Files (x86)\Microsoft SDKs\TypeScript\1.0;C:\Program Files (x86)\Microsoft SQL Server\100\Tools\Binn;C:\Program Files\Microsoft SQL Server\100\Tools\Binn;C:\Program Files\Microsoft SQL Server\100\DTS\Binn;C:\Program Files (x86)\Microsoft SQL Server\100\Tools\Binn\VSShell\Common7\IDE;C:\Program Files (x86)\Microsoft SQL Server\100\DTS\Binn;C:\Program Files (x86)\Heroku\bin;C:\Program Files (x86)\git\cmd;C:\Program Files\Microsoft SQL Server\Client SDK\ODBC\110\Tools\Binn;C:\Program Files (x86)\Microsoft SQL Server\120\Tools\Binn;C:\Program Files\Microsoft SQL Server\120\Tools\Binn;C:\Program Files\Microsoft SQL Server\120\DTS\Binn;C:\Program Files (x86)\Microsoft SQL Server\120\Tools\Binn\ManagementStudio;C:\Program Files (x86)\Microsoft SQL Server\120\DTS\Binn;C:\Program Files (x86)\Microsoft Team Foundation Server 2013 Power Tools;C:\Program Files (x86)\Microsoft Team Foundation Server 2013 Power Tools\Best Practices Analyzer;C:\Program Files\nodejs;C:\Program Files (x86)\Skype\Phone;C:\Windows\system32\config\systemprofile\.dnx\bin;C:\Program Files\Microsoft DNX\Dnvm;C:\Program Files (x86)\Microsoft Emulator Manager\1.0;C:\Program Files (x86)\Windows Kits\10\Windows Performance Toolkit;C:\Users\vadym.riznyk\.dnx\bin;C:\Ruby200-x64\bin;C:\Program Files (x86)\Git\bin;C:\Program Files (x86)\Heroku\bin;C:\Users\vadym.riznyk\AppData\Local\Programs\Git\cmd;C:\Users\vadym.riznyk\AppData\Roaming\npm;C:\Users\vadym.riznyk\AppData\Local\Programs\Git\usr\bin\vendor_perl;C:\Users\vadym.riznyk\AppData\Local\Programs\Git\usr\bin\core_perl
10 verbose lifecycle 360view@1.0.0~start: CWD: D:\Storage\need2backup\trainings\glwebtraining\training\360view
11 silly lifecycle 360view@1.0.0~start: Args: [ '/d /s /c', 'node app/server/index.js' ]
12 silly lifecycle 360view@1.0.0~start: Returned: code: 1  signal: null
13 info lifecycle 360view@1.0.0~start: Failed to exec start script
14 verbose stack Error: 360view@1.0.0 start: `node app/server/index.js`
14 verbose stack Exit status 1
14 verbose stack     at EventEmitter.<anonymous> (C:\Program Files\nodejs\node_modules\npm\lib\utils\lifecycle.js:232:16)
14 verbose stack     at emitTwo (events.js:87:13)
14 verbose stack     at EventEmitter.emit (events.js:172:7)
14 verbose stack     at ChildProcess.<anonymous> (C:\Program Files\nodejs\node_modules\npm\lib\utils\spawn.js:24:14)
14 verbose stack     at emitTwo (events.js:87:13)
14 verbose stack     at ChildProcess.emit (events.js:172:7)
14 verbose stack     at maybeClose (internal/child_process.js:818:16)
14 verbose stack     at Process.ChildProcess._handle.onexit (internal/child_process.js:211:5)
15 verbose pkgid 360view@1.0.0
16 verbose cwd D:\Storage\need2backup\trainings\glwebtraining\training\360view
17 error Windows_NT 6.3.9600
18 error argv "C:\\Program Files\\nodejs\\node.exe" "C:\\Program Files\\nodejs\\node_modules\\npm\\bin\\npm-cli.js" "start"
19 error node v5.3.0
20 error npm  v3.3.12
21 error code ELIFECYCLE
22 error 360view@1.0.0 start: `node app/server/index.js`
22 error Exit status 1
23 error Failed at the 360view@1.0.0 start script 'node app/server/index.js'.
23 error Make sure you have the latest version of node.js and npm installed.
23 error If you do, this is most likely a problem with the 360view package,
23 error not with npm itself.
23 error Tell the author that this fails on your system:
23 error     node app/server/index.js
23 error You can get their info via:
23 error     npm owner ls 360view
23 error There is likely additional logging output above.
24 verbose exit [ 1, true ]
