0 info it worked if it ends with ok
1 verbose cli [ 'C:\\Program Files\\nodejs\\node.exe',
1 verbose cli   'C:\\Program Files\\nodejs\\node_modules\\npm\\bin\\npm-cli.js',
1 verbose cli   'install',
1 verbose cli   'office' ]
2 info using npm@3.8.6
3 info using node@v6.1.0
4 silly loadCurrentTree Starting
5 silly install loadCurrentTree
6 silly install readLocalPackageData
7 silly fetchPackageMetaData office
8 silly fetchNamedPackageData office
9 silly mapToRegistry name office
10 silly mapToRegistry using default registry
11 silly mapToRegistry registry https://registry.npmjs.org/
12 silly mapToRegistry data Result {
12 silly mapToRegistry   raw: 'office',
12 silly mapToRegistry   scope: null,
12 silly mapToRegistry   name: 'office',
12 silly mapToRegistry   rawSpec: '',
12 silly mapToRegistry   spec: 'latest',
12 silly mapToRegistry   type: 'tag' }
13 silly mapToRegistry uri https://registry.npmjs.org/office
14 verbose request uri https://registry.npmjs.org/office
15 verbose request no auth needed
16 info attempt registry request try #1 at 1:25:42 PM
17 verbose request id 1c95028d138546b8
18 http request GET https://registry.npmjs.org/office
19 http 200 https://registry.npmjs.org/office
20 verbose headers { server: 'CouchDB/1.5.0 (Erlang OTP/R16B03)',
20 verbose headers   etag: '"BTXGB5ZGMPIXF231HOB5BR777"',
20 verbose headers   'content-type': 'application/json',
20 verbose headers   'content-encoding': 'gzip',
20 verbose headers   'cache-control': 'max-age=300',
20 verbose headers   'content-length': '1640',
20 verbose headers   'accept-ranges': 'bytes',
20 verbose headers   date: 'Fri, 17 Jun 2016 10:25:43 GMT',
20 verbose headers   via: '1.1 varnish',
20 verbose headers   age: '0',
20 verbose headers   connection: 'keep-alive',
20 verbose headers   'x-served-by': 'cache-fra1230-FRA',
20 verbose headers   'x-cache': 'MISS',
20 verbose headers   'x-cache-hits': '0',
20 verbose headers   'x-timer': 'S1466159143.070389,VS0,VE109',
20 verbose headers   vary: 'Accept-Encoding' }
21 silly get cb [ 200,
21 silly get   { server: 'CouchDB/1.5.0 (Erlang OTP/R16B03)',
21 silly get     etag: '"BTXGB5ZGMPIXF231HOB5BR777"',
21 silly get     'content-type': 'application/json',
21 silly get     'content-encoding': 'gzip',
21 silly get     'cache-control': 'max-age=300',
21 silly get     'content-length': '1640',
21 silly get     'accept-ranges': 'bytes',
21 silly get     date: 'Fri, 17 Jun 2016 10:25:43 GMT',
21 silly get     via: '1.1 varnish',
21 silly get     age: '0',
21 silly get     connection: 'keep-alive',
21 silly get     'x-served-by': 'cache-fra1230-FRA',
21 silly get     'x-cache': 'MISS',
21 silly get     'x-cache-hits': '0',
21 silly get     'x-timer': 'S1466159143.070389,VS0,VE109',
21 silly get     vary: 'Accept-Encoding' } ]
22 verbose get saving office to C:\Users\vadym.riznyk\AppData\Roaming\npm-cache\registry.npmjs.org\office\.cache.json
23 verbose correctMkdir C:\Users\vadym.riznyk\AppData\Roaming\npm-cache correctMkdir not in flight; initializing
24 silly install normalizeTree
25 silly loadCurrentTree Finishing
26 silly loadIdealTree Starting
27 silly install loadIdealTree
28 silly cloneCurrentTree Starting
29 silly install cloneCurrentTreeToIdealTree
30 silly cloneCurrentTree Finishing
31 silly loadShrinkwrap Starting
32 silly install loadShrinkwrap
33 silly loadShrinkwrap Finishing
34 silly loadAllDepsIntoIdealTree Starting
35 silly install loadAllDepsIntoIdealTree
36 silly resolveWithNewModule office@0.0.8 checking installable status
37 silly cache add args [ 'office', null ]
38 verbose cache add spec office
39 silly cache add parsed spec Result {
39 silly cache add   raw: 'office',
39 silly cache add   scope: null,
39 silly cache add   name: 'office',
39 silly cache add   rawSpec: '',
39 silly cache add   spec: 'latest',
39 silly cache add   type: 'tag' }
40 silly addNamed office@latest
41 verbose addNamed "latest" is being treated as a dist-tag for office
42 info addNameTag [ 'office', 'latest' ]
43 silly mapToRegistry name office
44 silly mapToRegistry using default registry
45 silly mapToRegistry registry https://registry.npmjs.org/
46 silly mapToRegistry data Result {
46 silly mapToRegistry   raw: 'office',
46 silly mapToRegistry   scope: null,
46 silly mapToRegistry   name: 'office',
46 silly mapToRegistry   rawSpec: '',
46 silly mapToRegistry   spec: 'latest',
46 silly mapToRegistry   type: 'tag' }
47 silly mapToRegistry uri https://registry.npmjs.org/office
48 verbose addNameTag registry:https://registry.npmjs.org/office not in flight; fetching
49 verbose get https://registry.npmjs.org/office not expired, no request
50 silly addNameTag next cb for office with tag latest
51 silly addNamed office@0.0.8
52 verbose addNamed "0.0.8" is a plain semver version for office
53 silly mapToRegistry name office
54 silly mapToRegistry using default registry
55 silly mapToRegistry registry https://registry.npmjs.org/
56 silly mapToRegistry data Result {
56 silly mapToRegistry   raw: 'office',
56 silly mapToRegistry   scope: null,
56 silly mapToRegistry   name: 'office',
56 silly mapToRegistry   rawSpec: '',
56 silly mapToRegistry   spec: 'latest',
56 silly mapToRegistry   type: 'tag' }
57 silly mapToRegistry uri https://registry.npmjs.org/office
58 verbose addRemoteTarball https://registry.npmjs.org/office/-/office-0.0.8.tgz not in flight; adding
59 verbose addRemoteTarball [ 'https://registry.npmjs.org/office/-/office-0.0.8.tgz',
59 verbose addRemoteTarball   '355ee55d0d63476518ca379025c49c4893f690a8' ]
60 info retry fetch attempt 1 at 1:25:43 PM
61 info attempt registry request try #1 at 1:25:43 PM
62 http fetch GET https://registry.npmjs.org/office/-/office-0.0.8.tgz
63 http fetch 200 https://registry.npmjs.org/office/-/office-0.0.8.tgz
64 silly fetchAndShaCheck shasum 355ee55d0d63476518ca379025c49c4893f690a8
65 verbose addTmpTarball C:\Users\VADYM~1.RIZ\AppData\Local\Temp\npm-6640-3f87a34c\registry.npmjs.org\office\-\office-0.0.8.tgz not in flight; adding
66 verbose addTmpTarball already have metadata; skipping unpack for office@0.0.8
67 verbose correctMkdir C:\Users\vadym.riznyk\AppData\Roaming\npm-cache correctMkdir not in flight; initializing
68 silly cache afterAdd office@0.0.8
69 verbose afterAdd C:\Users\vadym.riznyk\AppData\Roaming\npm-cache\office\0.0.8\package\package.json not in flight; writing
70 verbose correctMkdir C:\Users\vadym.riznyk\AppData\Roaming\npm-cache correctMkdir not in flight; initializing
71 verbose afterAdd C:\Users\vadym.riznyk\AppData\Roaming\npm-cache\office\0.0.8\package\package.json written
72 silly fetchNamedPackageData xml2json
73 silly mapToRegistry name xml2json
74 silly mapToRegistry using default registry
75 silly mapToRegistry registry https://registry.npmjs.org/
76 silly mapToRegistry data Result {
76 silly mapToRegistry   raw: 'xml2json',
76 silly mapToRegistry   scope: null,
76 silly mapToRegistry   name: 'xml2json',
76 silly mapToRegistry   rawSpec: '',
76 silly mapToRegistry   spec: 'latest',
76 silly mapToRegistry   type: 'tag' }
77 silly mapToRegistry uri https://registry.npmjs.org/xml2json
78 silly fetchNamedPackageData temp
79 silly mapToRegistry name temp
80 silly mapToRegistry using default registry
81 silly mapToRegistry registry https://registry.npmjs.org/
82 silly mapToRegistry data Result {
82 silly mapToRegistry   raw: 'temp',
82 silly mapToRegistry   scope: null,
82 silly mapToRegistry   name: 'temp',
82 silly mapToRegistry   rawSpec: '',
82 silly mapToRegistry   spec: 'latest',
82 silly mapToRegistry   type: 'tag' }
83 silly mapToRegistry uri https://registry.npmjs.org/temp
84 verbose request uri https://registry.npmjs.org/xml2json
85 verbose request no auth needed
86 info attempt registry request try #1 at 1:25:43 PM
87 http request GET https://registry.npmjs.org/xml2json
88 verbose request uri https://registry.npmjs.org/temp
89 verbose request no auth needed
90 info attempt registry request try #1 at 1:25:43 PM
91 http request GET https://registry.npmjs.org/temp
92 http 200 https://registry.npmjs.org/xml2json
93 verbose headers { server: 'CouchDB/1.5.0 (Erlang OTP/R16B03)',
93 verbose headers   etag: '"EON8QGLLDZ92HX1JRTUUA2I89"',
93 verbose headers   'content-type': 'application/json',
93 verbose headers   'content-encoding': 'gzip',
93 verbose headers   'cache-control': 'max-age=300',
93 verbose headers   'content-length': '6544',
93 verbose headers   'accept-ranges': 'bytes',
93 verbose headers   date: 'Fri, 17 Jun 2016 10:25:43 GMT',
93 verbose headers   via: '1.1 varnish',
93 verbose headers   age: '89',
93 verbose headers   connection: 'keep-alive',
93 verbose headers   'x-served-by': 'cache-fra1230-FRA',
93 verbose headers   'x-cache': 'HIT',
93 verbose headers   'x-cache-hits': '1',
93 verbose headers   'x-timer': 'S1466159143.561105,VS0,VE0',
93 verbose headers   vary: 'Accept-Encoding' }
94 silly get cb [ 200,
94 silly get   { server: 'CouchDB/1.5.0 (Erlang OTP/R16B03)',
94 silly get     etag: '"EON8QGLLDZ92HX1JRTUUA2I89"',
94 silly get     'content-type': 'application/json',
94 silly get     'content-encoding': 'gzip',
94 silly get     'cache-control': 'max-age=300',
94 silly get     'content-length': '6544',
94 silly get     'accept-ranges': 'bytes',
94 silly get     date: 'Fri, 17 Jun 2016 10:25:43 GMT',
94 silly get     via: '1.1 varnish',
94 silly get     age: '89',
94 silly get     connection: 'keep-alive',
94 silly get     'x-served-by': 'cache-fra1230-FRA',
94 silly get     'x-cache': 'HIT',
94 silly get     'x-cache-hits': '1',
94 silly get     'x-timer': 'S1466159143.561105,VS0,VE0',
94 silly get     vary: 'Accept-Encoding' } ]
95 verbose get saving xml2json to C:\Users\vadym.riznyk\AppData\Roaming\npm-cache\registry.npmjs.org\xml2json\.cache.json
96 verbose correctMkdir C:\Users\vadym.riznyk\AppData\Roaming\npm-cache correctMkdir not in flight; initializing
97 silly resolveWithNewModule xml2json@0.3.2 checking installable status
98 silly cache add args [ 'xml2json@~0.3.2', null ]
99 verbose cache add spec xml2json@~0.3.2
100 silly cache add parsed spec Result {
100 silly cache add   raw: 'xml2json@~0.3.2',
100 silly cache add   scope: null,
100 silly cache add   name: 'xml2json',
100 silly cache add   rawSpec: '~0.3.2',
100 silly cache add   spec: '>=0.3.2 <0.4.0',
100 silly cache add   type: 'range' }
101 silly addNamed xml2json@>=0.3.2 <0.4.0
102 verbose addNamed ">=0.3.2 <0.4.0" is a valid semver range for xml2json
103 silly addNameRange { name: 'xml2json', range: '>=0.3.2 <0.4.0', hasData: false }
104 silly mapToRegistry name xml2json
105 silly mapToRegistry using default registry
106 silly mapToRegistry registry https://registry.npmjs.org/
107 silly mapToRegistry data Result {
107 silly mapToRegistry   raw: 'xml2json',
107 silly mapToRegistry   scope: null,
107 silly mapToRegistry   name: 'xml2json',
107 silly mapToRegistry   rawSpec: '',
107 silly mapToRegistry   spec: 'latest',
107 silly mapToRegistry   type: 'tag' }
108 silly mapToRegistry uri https://registry.npmjs.org/xml2json
109 verbose addNameRange registry:https://registry.npmjs.org/xml2json not in flight; fetching
110 verbose get https://registry.npmjs.org/xml2json not expired, no request
111 silly addNameRange number 2 { name: 'xml2json', range: '>=0.3.2 <0.4.0', hasData: true }
112 silly addNameRange versions [ 'xml2json',
112 silly addNameRange   [ '0.1.0',
112 silly addNameRange     '0.1.1',
112 silly addNameRange     '0.2.0',
112 silly addNameRange     '0.2.1',
112 silly addNameRange     '0.2.2',
112 silly addNameRange     '0.2.3',
112 silly addNameRange     '0.2.4',
112 silly addNameRange     '0.3.0',
112 silly addNameRange     '0.3.1',
112 silly addNameRange     '0.3.2',
112 silly addNameRange     '0.4.0',
112 silly addNameRange     '0.5.0',
112 silly addNameRange     '0.5.1',
112 silly addNameRange     '0.6.0',
112 silly addNameRange     '0.6.1',
112 silly addNameRange     '0.6.2',
112 silly addNameRange     '0.7.0',
112 silly addNameRange     '0.7.1',
112 silly addNameRange     '0.8.0',
112 silly addNameRange     '0.8.1',
112 silly addNameRange     '0.8.2',
112 silly addNameRange     '0.9.0',
112 silly addNameRange     '0.9.1' ] ]
113 silly addNamed xml2json@0.3.2
114 verbose addNamed "0.3.2" is a plain semver version for xml2json
115 silly mapToRegistry name xml2json
116 silly mapToRegistry using default registry
117 silly mapToRegistry registry https://registry.npmjs.org/
118 silly mapToRegistry data Result {
118 silly mapToRegistry   raw: 'xml2json',
118 silly mapToRegistry   scope: null,
118 silly mapToRegistry   name: 'xml2json',
118 silly mapToRegistry   rawSpec: '',
118 silly mapToRegistry   spec: 'latest',
118 silly mapToRegistry   type: 'tag' }
119 silly mapToRegistry uri https://registry.npmjs.org/xml2json
120 verbose addRemoteTarball https://registry.npmjs.org/xml2json/-/xml2json-0.3.2.tgz not in flight; adding
121 verbose addRemoteTarball [ 'https://registry.npmjs.org/xml2json/-/xml2json-0.3.2.tgz',
121 verbose addRemoteTarball   '97461b97b9645723c447e919cdc64d54a76a1e65' ]
122 info retry fetch attempt 1 at 1:25:43 PM
123 info attempt registry request try #1 at 1:25:43 PM
124 http fetch GET https://registry.npmjs.org/xml2json/-/xml2json-0.3.2.tgz
125 http 200 https://registry.npmjs.org/temp
126 verbose headers { server: 'CouchDB/1.5.0 (Erlang OTP/R16B03)',
126 verbose headers   etag: '"E3LLBC2ZQRUZ20MUFY5YH6VH4"',
126 verbose headers   'content-type': 'application/json',
126 verbose headers   'content-encoding': 'gzip',
126 verbose headers   'cache-control': 'max-age=300',
126 verbose headers   'content-length': '5520',
126 verbose headers   'accept-ranges': 'bytes',
126 verbose headers   date: 'Fri, 17 Jun 2016 10:25:43 GMT',
126 verbose headers   via: '1.1 varnish',
126 verbose headers   age: '104',
126 verbose headers   connection: 'keep-alive',
126 verbose headers   'x-served-by': 'cache-fra1221-FRA',
126 verbose headers   'x-cache': 'HIT',
126 verbose headers   'x-cache-hits': '1',
126 verbose headers   'x-timer': 'S1466159143.648461,VS0,VE0',
126 verbose headers   vary: 'Accept-Encoding' }
127 silly get cb [ 200,
127 silly get   { server: 'CouchDB/1.5.0 (Erlang OTP/R16B03)',
127 silly get     etag: '"E3LLBC2ZQRUZ20MUFY5YH6VH4"',
127 silly get     'content-type': 'application/json',
127 silly get     'content-encoding': 'gzip',
127 silly get     'cache-control': 'max-age=300',
127 silly get     'content-length': '5520',
127 silly get     'accept-ranges': 'bytes',
127 silly get     date: 'Fri, 17 Jun 2016 10:25:43 GMT',
127 silly get     via: '1.1 varnish',
127 silly get     age: '104',
127 silly get     connection: 'keep-alive',
127 silly get     'x-served-by': 'cache-fra1221-FRA',
127 silly get     'x-cache': 'HIT',
127 silly get     'x-cache-hits': '1',
127 silly get     'x-timer': 'S1466159143.648461,VS0,VE0',
127 silly get     vary: 'Accept-Encoding' } ]
128 verbose get saving temp to C:\Users\vadym.riznyk\AppData\Roaming\npm-cache\registry.npmjs.org\temp\.cache.json
129 verbose correctMkdir C:\Users\vadym.riznyk\AppData\Roaming\npm-cache correctMkdir not in flight; initializing
130 http fetch 200 https://registry.npmjs.org/xml2json/-/xml2json-0.3.2.tgz
131 silly resolveWithNewModule temp@0.6.0 checking installable status
132 silly cache add args [ 'temp@~0.6.0', null ]
133 verbose cache add spec temp@~0.6.0
134 silly cache add parsed spec Result {
134 silly cache add   raw: 'temp@~0.6.0',
134 silly cache add   scope: null,
134 silly cache add   name: 'temp',
134 silly cache add   rawSpec: '~0.6.0',
134 silly cache add   spec: '>=0.6.0 <0.7.0',
134 silly cache add   type: 'range' }
135 silly addNamed temp@>=0.6.0 <0.7.0
136 verbose addNamed ">=0.6.0 <0.7.0" is a valid semver range for temp
137 silly addNameRange { name: 'temp', range: '>=0.6.0 <0.7.0', hasData: false }
138 silly mapToRegistry name temp
139 silly mapToRegistry using default registry
140 silly mapToRegistry registry https://registry.npmjs.org/
141 silly mapToRegistry data Result {
141 silly mapToRegistry   raw: 'temp',
141 silly mapToRegistry   scope: null,
141 silly mapToRegistry   name: 'temp',
141 silly mapToRegistry   rawSpec: '',
141 silly mapToRegistry   spec: 'latest',
141 silly mapToRegistry   type: 'tag' }
142 silly mapToRegistry uri https://registry.npmjs.org/temp
143 verbose addNameRange registry:https://registry.npmjs.org/temp not in flight; fetching
144 verbose get https://registry.npmjs.org/temp not expired, no request
145 silly addNameRange number 2 { name: 'temp', range: '>=0.6.0 <0.7.0', hasData: true }
146 silly addNameRange versions [ 'temp',
146 silly addNameRange   [ '0.2.0',
146 silly addNameRange     '0.3.0',
146 silly addNameRange     '0.4.0',
146 silly addNameRange     '0.5.0',
146 silly addNameRange     '0.5.1',
146 silly addNameRange     '0.6.0',
146 silly addNameRange     '0.7.0',
146 silly addNameRange     '0.8.0',
146 silly addNameRange     '0.8.1',
146 silly addNameRange     '0.8.2',
146 silly addNameRange     '0.8.3' ] ]
147 silly addNamed temp@0.6.0
148 verbose addNamed "0.6.0" is a plain semver version for temp
149 silly mapToRegistry name temp
150 silly mapToRegistry using default registry
151 silly mapToRegistry registry https://registry.npmjs.org/
152 silly mapToRegistry data Result {
152 silly mapToRegistry   raw: 'temp',
152 silly mapToRegistry   scope: null,
152 silly mapToRegistry   name: 'temp',
152 silly mapToRegistry   rawSpec: '',
152 silly mapToRegistry   spec: 'latest',
152 silly mapToRegistry   type: 'tag' }
153 silly mapToRegistry uri https://registry.npmjs.org/temp
154 verbose addRemoteTarball https://registry.npmjs.org/temp/-/temp-0.6.0.tgz not in flight; adding
155 verbose addRemoteTarball [ 'https://registry.npmjs.org/temp/-/temp-0.6.0.tgz',
155 verbose addRemoteTarball   '6b13df5cddf370f2e3a606ca40f202c419173f07' ]
156 silly fetchAndShaCheck shasum 97461b97b9645723c447e919cdc64d54a76a1e65
157 verbose addTmpTarball C:\Users\VADYM~1.RIZ\AppData\Local\Temp\npm-6640-3f87a34c\registry.npmjs.org\xml2json\-\xml2json-0.3.2.tgz not in flight; adding
158 verbose addTmpTarball already have metadata; skipping unpack for xml2json@0.3.2
159 verbose correctMkdir C:\Users\vadym.riznyk\AppData\Roaming\npm-cache correctMkdir not in flight; initializing
160 info retry fetch attempt 1 at 1:25:43 PM
161 info attempt registry request try #1 at 1:25:43 PM
162 http fetch GET https://registry.npmjs.org/temp/-/temp-0.6.0.tgz
163 silly cache afterAdd xml2json@0.3.2
164 verbose afterAdd C:\Users\vadym.riznyk\AppData\Roaming\npm-cache\xml2json\0.3.2\package\package.json not in flight; writing
165 verbose correctMkdir C:\Users\vadym.riznyk\AppData\Roaming\npm-cache correctMkdir not in flight; initializing
166 http fetch 200 https://registry.npmjs.org/temp/-/temp-0.6.0.tgz
167 verbose afterAdd C:\Users\vadym.riznyk\AppData\Roaming\npm-cache\xml2json\0.3.2\package\package.json written
168 silly fetchAndShaCheck shasum 6b13df5cddf370f2e3a606ca40f202c419173f07
169 verbose addTmpTarball C:\Users\VADYM~1.RIZ\AppData\Local\Temp\npm-6640-3f87a34c\registry.npmjs.org\temp\-\temp-0.6.0.tgz not in flight; adding
170 verbose addTmpTarball already have metadata; skipping unpack for temp@0.6.0
171 verbose correctMkdir C:\Users\vadym.riznyk\AppData\Roaming\npm-cache correctMkdir not in flight; initializing
172 silly cache afterAdd temp@0.6.0
173 verbose afterAdd C:\Users\vadym.riznyk\AppData\Roaming\npm-cache\temp\0.6.0\package\package.json not in flight; writing
174 verbose correctMkdir C:\Users\vadym.riznyk\AppData\Roaming\npm-cache correctMkdir not in flight; initializing
175 verbose afterAdd C:\Users\vadym.riznyk\AppData\Roaming\npm-cache\temp\0.6.0\package\package.json written
176 silly fetchNamedPackageData rimraf
177 silly mapToRegistry name rimraf
178 silly mapToRegistry using default registry
179 silly mapToRegistry registry https://registry.npmjs.org/
180 silly mapToRegistry data Result {
180 silly mapToRegistry   raw: 'rimraf',
180 silly mapToRegistry   scope: null,
180 silly mapToRegistry   name: 'rimraf',
180 silly mapToRegistry   rawSpec: '',
180 silly mapToRegistry   spec: 'latest',
180 silly mapToRegistry   type: 'tag' }
181 silly mapToRegistry uri https://registry.npmjs.org/rimraf
182 silly fetchNamedPackageData osenv
183 silly mapToRegistry name osenv
184 silly mapToRegistry using default registry
185 silly mapToRegistry registry https://registry.npmjs.org/
186 silly mapToRegistry data Result {
186 silly mapToRegistry   raw: 'osenv',
186 silly mapToRegistry   scope: null,
186 silly mapToRegistry   name: 'osenv',
186 silly mapToRegistry   rawSpec: '',
186 silly mapToRegistry   spec: 'latest',
186 silly mapToRegistry   type: 'tag' }
187 silly mapToRegistry uri https://registry.npmjs.org/osenv
188 verbose request uri https://registry.npmjs.org/rimraf
189 verbose request no auth needed
190 info attempt registry request try #1 at 1:25:43 PM
191 verbose etag "7VXFBCS7OMXD19W2BEV0TMP5G"
192 http request GET https://registry.npmjs.org/rimraf
193 verbose request uri https://registry.npmjs.org/osenv
194 verbose request no auth needed
195 info attempt registry request try #1 at 1:25:43 PM
196 verbose etag "5PEBCGQI27PB8P8C7TGV8M0K7"
197 http request GET https://registry.npmjs.org/osenv
198 http 304 https://registry.npmjs.org/rimraf
199 verbose headers { date: 'Fri, 17 Jun 2016 10:25:43 GMT',
199 verbose headers   via: '1.1 varnish',
199 verbose headers   'cache-control': 'max-age=300',
199 verbose headers   etag: '"7VXFBCS7OMXD19W2BEV0TMP5G"',
199 verbose headers   age: '89',
199 verbose headers   connection: 'keep-alive',
199 verbose headers   'x-served-by': 'cache-fra1230-FRA',
199 verbose headers   'x-cache': 'HIT',
199 verbose headers   'x-cache-hits': '7',
199 verbose headers   'x-timer': 'S1466159143.881949,VS0,VE0',
199 verbose headers   vary: 'Accept-Encoding' }
200 silly get cb [ 304,
200 silly get   { date: 'Fri, 17 Jun 2016 10:25:43 GMT',
200 silly get     via: '1.1 varnish',
200 silly get     'cache-control': 'max-age=300',
200 silly get     etag: '"7VXFBCS7OMXD19W2BEV0TMP5G"',
200 silly get     age: '89',
200 silly get     connection: 'keep-alive',
200 silly get     'x-served-by': 'cache-fra1230-FRA',
200 silly get     'x-cache': 'HIT',
200 silly get     'x-cache-hits': '7',
200 silly get     'x-timer': 'S1466159143.881949,VS0,VE0',
200 silly get     vary: 'Accept-Encoding' } ]
201 verbose etag https://registry.npmjs.org/rimraf from cache
202 verbose get saving rimraf to C:\Users\vadym.riznyk\AppData\Roaming\npm-cache\registry.npmjs.org\rimraf\.cache.json
203 verbose correctMkdir C:\Users\vadym.riznyk\AppData\Roaming\npm-cache correctMkdir not in flight; initializing
204 http 304 https://registry.npmjs.org/osenv
205 verbose headers { date: 'Fri, 17 Jun 2016 10:25:43 GMT',
205 verbose headers   via: '1.1 varnish',
205 verbose headers   'cache-control': 'max-age=300',
205 verbose headers   etag: '"5PEBCGQI27PB8P8C7TGV8M0K7"',
205 verbose headers   age: '46',
205 verbose headers   connection: 'keep-alive',
205 verbose headers   'x-served-by': 'cache-fra1221-FRA',
205 verbose headers   'x-cache': 'HIT',
205 verbose headers   'x-cache-hits': '3',
205 verbose headers   'x-timer': 'S1466159143.883565,VS0,VE0',
205 verbose headers   vary: 'Accept-Encoding' }
206 silly get cb [ 304,
206 silly get   { date: 'Fri, 17 Jun 2016 10:25:43 GMT',
206 silly get     via: '1.1 varnish',
206 silly get     'cache-control': 'max-age=300',
206 silly get     etag: '"5PEBCGQI27PB8P8C7TGV8M0K7"',
206 silly get     age: '46',
206 silly get     connection: 'keep-alive',
206 silly get     'x-served-by': 'cache-fra1221-FRA',
206 silly get     'x-cache': 'HIT',
206 silly get     'x-cache-hits': '3',
206 silly get     'x-timer': 'S1466159143.883565,VS0,VE0',
206 silly get     vary: 'Accept-Encoding' } ]
207 verbose etag https://registry.npmjs.org/osenv from cache
208 verbose get saving osenv to C:\Users\vadym.riznyk\AppData\Roaming\npm-cache\registry.npmjs.org\osenv\.cache.json
209 verbose correctMkdir C:\Users\vadym.riznyk\AppData\Roaming\npm-cache correctMkdir not in flight; initializing
210 silly resolveWithNewModule rimraf@2.1.4 checking installable status
211 silly cache add args [ 'rimraf@~2.1.4', null ]
212 verbose cache add spec rimraf@~2.1.4
213 silly cache add parsed spec Result {
213 silly cache add   raw: 'rimraf@~2.1.4',
213 silly cache add   scope: null,
213 silly cache add   name: 'rimraf',
213 silly cache add   rawSpec: '~2.1.4',
213 silly cache add   spec: '>=2.1.4 <2.2.0',
213 silly cache add   type: 'range' }
214 silly addNamed rimraf@>=2.1.4 <2.2.0
215 verbose addNamed ">=2.1.4 <2.2.0" is a valid semver range for rimraf
216 silly addNameRange { name: 'rimraf', range: '>=2.1.4 <2.2.0', hasData: false }
217 silly mapToRegistry name rimraf
218 silly mapToRegistry using default registry
219 silly mapToRegistry registry https://registry.npmjs.org/
220 silly mapToRegistry data Result {
220 silly mapToRegistry   raw: 'rimraf',
220 silly mapToRegistry   scope: null,
220 silly mapToRegistry   name: 'rimraf',
220 silly mapToRegistry   rawSpec: '',
220 silly mapToRegistry   spec: 'latest',
220 silly mapToRegistry   type: 'tag' }
221 silly mapToRegistry uri https://registry.npmjs.org/rimraf
222 verbose addNameRange registry:https://registry.npmjs.org/rimraf not in flight; fetching
223 silly resolveWithNewModule osenv@0.0.3 checking installable status
224 silly cache add args [ 'osenv@0.0.3', null ]
225 verbose cache add spec osenv@0.0.3
226 silly cache add parsed spec Result {
226 silly cache add   raw: 'osenv@0.0.3',
226 silly cache add   scope: null,
226 silly cache add   name: 'osenv',
226 silly cache add   rawSpec: '0.0.3',
226 silly cache add   spec: '0.0.3',
226 silly cache add   type: 'version' }
227 silly addNamed osenv@0.0.3
228 verbose addNamed "0.0.3" is a plain semver version for osenv
229 silly mapToRegistry name osenv
230 silly mapToRegistry using default registry
231 silly mapToRegistry registry https://registry.npmjs.org/
232 silly mapToRegistry data Result {
232 silly mapToRegistry   raw: 'osenv',
232 silly mapToRegistry   scope: null,
232 silly mapToRegistry   name: 'osenv',
232 silly mapToRegistry   rawSpec: '',
232 silly mapToRegistry   spec: 'latest',
232 silly mapToRegistry   type: 'tag' }
233 silly mapToRegistry uri https://registry.npmjs.org/osenv
234 verbose addNameVersion registry:https://registry.npmjs.org/osenv not in flight; fetching
235 verbose get https://registry.npmjs.org/rimraf not expired, no request
236 silly addNameRange number 2 { name: 'rimraf', range: '>=2.1.4 <2.2.0', hasData: true }
237 silly addNameRange versions [ 'rimraf',
237 silly addNameRange   [ '1.0.0',
237 silly addNameRange     '1.0.1',
237 silly addNameRange     '1.0.2',
237 silly addNameRange     '1.0.4',
237 silly addNameRange     '1.0.5',
237 silly addNameRange     '1.0.6',
237 silly addNameRange     '1.0.7',
237 silly addNameRange     '1.0.8',
237 silly addNameRange     '1.0.9',
237 silly addNameRange     '2.0.0',
237 silly addNameRange     '2.0.1',
237 silly addNameRange     '2.0.2',
237 silly addNameRange     '2.0.3',
237 silly addNameRange     '2.1.0',
237 silly addNameRange     '2.1.1',
237 silly addNameRange     '2.1.2',
237 silly addNameRange     '2.1.3',
237 silly addNameRange     '2.1.4',
237 silly addNameRange     '2.2.0',
237 silly addNameRange     '2.2.1',
237 silly addNameRange     '2.2.2',
237 silly addNameRange     '2.2.3',
237 silly addNameRange     '2.2.4',
237 silly addNameRange     '2.2.5',
237 silly addNameRange     '2.2.6',
237 silly addNameRange     '2.2.8',
237 silly addNameRange     '2.3.0',
237 silly addNameRange     '2.3.1',
237 silly addNameRange     '2.3.2',
237 silly addNameRange     '2.3.3',
237 silly addNameRange     '2.3.4',
237 silly addNameRange     '2.4.0',
237 silly addNameRange     '2.4.1',
237 silly addNameRange     '2.4.2',
237 silly addNameRange     '2.4.3',
237 silly addNameRange     '2.4.4',
237 silly addNameRange     '2.4.5',
237 silly addNameRange     '2.5.0',
237 silly addNameRange     '2.5.1',
237 silly addNameRange     '2.5.2' ] ]
238 silly addNamed rimraf@2.1.4
239 verbose addNamed "2.1.4" is a plain semver version for rimraf
240 verbose get https://registry.npmjs.org/osenv not expired, no request
241 silly mapToRegistry name rimraf
242 silly mapToRegistry using default registry
243 silly mapToRegistry registry https://registry.npmjs.org/
244 silly mapToRegistry data Result {
244 silly mapToRegistry   raw: 'rimraf',
244 silly mapToRegistry   scope: null,
244 silly mapToRegistry   name: 'rimraf',
244 silly mapToRegistry   rawSpec: '',
244 silly mapToRegistry   spec: 'latest',
244 silly mapToRegistry   type: 'tag' }
245 silly mapToRegistry uri https://registry.npmjs.org/rimraf
246 verbose addRemoteTarball https://registry.npmjs.org/rimraf/-/rimraf-2.1.4.tgz not in flight; adding
247 verbose addRemoteTarball [ 'https://registry.npmjs.org/rimraf/-/rimraf-2.1.4.tgz',
247 verbose addRemoteTarball   '5a6eb62eeda068f51ede50f29b3e5cd22f3d9bb2' ]
248 silly mapToRegistry name osenv
249 silly mapToRegistry using default registry
250 silly mapToRegistry registry https://registry.npmjs.org/
251 silly mapToRegistry data Result {
251 silly mapToRegistry   raw: 'osenv',
251 silly mapToRegistry   scope: null,
251 silly mapToRegistry   name: 'osenv',
251 silly mapToRegistry   rawSpec: '',
251 silly mapToRegistry   spec: 'latest',
251 silly mapToRegistry   type: 'tag' }
252 silly mapToRegistry uri https://registry.npmjs.org/osenv
253 verbose addRemoteTarball https://registry.npmjs.org/osenv/-/osenv-0.0.3.tgz not in flight; adding
254 verbose addRemoteTarball [ 'https://registry.npmjs.org/osenv/-/osenv-0.0.3.tgz',
254 verbose addRemoteTarball   'cd6ad8ddb290915ad9e22765576025d411f29cb6' ]
255 info retry fetch attempt 1 at 1:25:43 PM
256 info attempt registry request try #1 at 1:25:43 PM
257 http fetch GET https://registry.npmjs.org/osenv/-/osenv-0.0.3.tgz
258 info retry fetch attempt 1 at 1:25:43 PM
259 info attempt registry request try #1 at 1:25:43 PM
260 http fetch GET https://registry.npmjs.org/rimraf/-/rimraf-2.1.4.tgz
261 http fetch 200 https://registry.npmjs.org/osenv/-/osenv-0.0.3.tgz
262 http fetch 200 https://registry.npmjs.org/rimraf/-/rimraf-2.1.4.tgz
263 silly fetchAndShaCheck shasum cd6ad8ddb290915ad9e22765576025d411f29cb6
264 verbose addTmpTarball C:\Users\VADYM~1.RIZ\AppData\Local\Temp\npm-6640-3f87a34c\registry.npmjs.org\osenv\-\osenv-0.0.3.tgz not in flight; adding
265 verbose addTmpTarball already have metadata; skipping unpack for osenv@0.0.3
266 verbose correctMkdir C:\Users\vadym.riznyk\AppData\Roaming\npm-cache correctMkdir not in flight; initializing
267 silly fetchAndShaCheck shasum 5a6eb62eeda068f51ede50f29b3e5cd22f3d9bb2
268 verbose addTmpTarball C:\Users\VADYM~1.RIZ\AppData\Local\Temp\npm-6640-3f87a34c\registry.npmjs.org\rimraf\-\rimraf-2.1.4.tgz not in flight; adding
269 verbose addTmpTarball already have metadata; skipping unpack for rimraf@2.1.4
270 verbose correctMkdir C:\Users\vadym.riznyk\AppData\Roaming\npm-cache correctMkdir not in flight; initializing
271 silly cache afterAdd osenv@0.0.3
272 verbose afterAdd C:\Users\vadym.riznyk\AppData\Roaming\npm-cache\osenv\0.0.3\package\package.json not in flight; writing
273 verbose correctMkdir C:\Users\vadym.riznyk\AppData\Roaming\npm-cache correctMkdir not in flight; initializing
274 silly cache afterAdd rimraf@2.1.4
275 verbose afterAdd C:\Users\vadym.riznyk\AppData\Roaming\npm-cache\rimraf\2.1.4\package\package.json not in flight; writing
276 verbose correctMkdir C:\Users\vadym.riznyk\AppData\Roaming\npm-cache correctMkdir not in flight; initializing
277 verbose afterAdd C:\Users\vadym.riznyk\AppData\Roaming\npm-cache\osenv\0.0.3\package\package.json written
278 verbose afterAdd C:\Users\vadym.riznyk\AppData\Roaming\npm-cache\rimraf\2.1.4\package\package.json written
279 silly fetchNamedPackageData graceful-fs
280 silly mapToRegistry name graceful-fs
281 silly mapToRegistry using default registry
282 silly mapToRegistry registry https://registry.npmjs.org/
283 silly mapToRegistry data Result {
283 silly mapToRegistry   raw: 'graceful-fs',
283 silly mapToRegistry   scope: null,
283 silly mapToRegistry   name: 'graceful-fs',
283 silly mapToRegistry   rawSpec: '',
283 silly mapToRegistry   spec: 'latest',
283 silly mapToRegistry   type: 'tag' }
284 silly mapToRegistry uri https://registry.npmjs.org/graceful-fs
285 verbose request uri https://registry.npmjs.org/graceful-fs
286 verbose request no auth needed
287 info attempt registry request try #1 at 1:25:44 PM
288 verbose etag "FMU06AXM5Y6LFTITKOQ596SN"
289 http request GET https://registry.npmjs.org/graceful-fs
290 http 200 https://registry.npmjs.org/graceful-fs
291 verbose headers { server: 'CouchDB/1.5.0 (Erlang OTP/R16B03)',
291 verbose headers   etag: '"7FZR6RMVKQ2YV50WN7DS0OF8T"',
291 verbose headers   'content-type': 'application/json',
291 verbose headers   'content-encoding': 'gzip',
291 verbose headers   'cache-control': 'max-age=300',
291 verbose headers   'content-length': '8138',
291 verbose headers   'accept-ranges': 'bytes',
291 verbose headers   date: 'Fri, 17 Jun 2016 10:25:44 GMT',
291 verbose headers   via: '1.1 varnish',
291 verbose headers   age: '18',
291 verbose headers   connection: 'keep-alive',
291 verbose headers   'x-served-by': 'cache-fra1230-FRA',
291 verbose headers   'x-cache': 'HIT',
291 verbose headers   'x-cache-hits': '4',
291 verbose headers   'x-timer': 'S1466159144.121061,VS0,VE0',
291 verbose headers   vary: 'Accept-Encoding' }
292 silly get cb [ 200,
292 silly get   { server: 'CouchDB/1.5.0 (Erlang OTP/R16B03)',
292 silly get     etag: '"7FZR6RMVKQ2YV50WN7DS0OF8T"',
292 silly get     'content-type': 'application/json',
292 silly get     'content-encoding': 'gzip',
292 silly get     'cache-control': 'max-age=300',
292 silly get     'content-length': '8138',
292 silly get     'accept-ranges': 'bytes',
292 silly get     date: 'Fri, 17 Jun 2016 10:25:44 GMT',
292 silly get     via: '1.1 varnish',
292 silly get     age: '18',
292 silly get     connection: 'keep-alive',
292 silly get     'x-served-by': 'cache-fra1230-FRA',
292 silly get     'x-cache': 'HIT',
292 silly get     'x-cache-hits': '4',
292 silly get     'x-timer': 'S1466159144.121061,VS0,VE0',
292 silly get     vary: 'Accept-Encoding' } ]
293 verbose get saving graceful-fs to C:\Users\vadym.riznyk\AppData\Roaming\npm-cache\registry.npmjs.org\graceful-fs\.cache.json
294 verbose correctMkdir C:\Users\vadym.riznyk\AppData\Roaming\npm-cache correctMkdir not in flight; initializing
295 silly resolveWithNewModule graceful-fs@1.2.3 checking installable status
296 silly cache add args [ 'graceful-fs@~1', null ]
297 verbose cache add spec graceful-fs@~1
298 silly cache add parsed spec Result {
298 silly cache add   raw: 'graceful-fs@~1',
298 silly cache add   scope: null,
298 silly cache add   name: 'graceful-fs',
298 silly cache add   rawSpec: '~1',
298 silly cache add   spec: '>=1.0.0 <2.0.0',
298 silly cache add   type: 'range' }
299 silly addNamed graceful-fs@>=1.0.0 <2.0.0
300 verbose addNamed ">=1.0.0 <2.0.0" is a valid semver range for graceful-fs
301 silly addNameRange { name: 'graceful-fs', range: '>=1.0.0 <2.0.0', hasData: false }
302 silly mapToRegistry name graceful-fs
303 silly mapToRegistry using default registry
304 silly mapToRegistry registry https://registry.npmjs.org/
305 silly mapToRegistry data Result {
305 silly mapToRegistry   raw: 'graceful-fs',
305 silly mapToRegistry   scope: null,
305 silly mapToRegistry   name: 'graceful-fs',
305 silly mapToRegistry   rawSpec: '',
305 silly mapToRegistry   spec: 'latest',
305 silly mapToRegistry   type: 'tag' }
306 silly mapToRegistry uri https://registry.npmjs.org/graceful-fs
307 verbose addNameRange registry:https://registry.npmjs.org/graceful-fs not in flight; fetching
308 verbose get https://registry.npmjs.org/graceful-fs not expired, no request
309 silly addNameRange number 2 { name: 'graceful-fs', range: '>=1.0.0 <2.0.0', hasData: true }
310 silly addNameRange versions [ 'graceful-fs',
310 silly addNameRange   [ '1.0.0',
310 silly addNameRange     '1.0.1',
310 silly addNameRange     '1.0.2',
310 silly addNameRange     '1.1.0',
310 silly addNameRange     '1.1.1',
310 silly addNameRange     '1.1.2',
310 silly addNameRange     '1.1.3',
310 silly addNameRange     '1.1.4',
310 silly addNameRange     '1.1.5',
310 silly addNameRange     '1.1.6',
310 silly addNameRange     '1.1.7',
310 silly addNameRange     '1.1.8',
310 silly addNameRange     '1.1.9',
310 silly addNameRange     '1.1.10',
310 silly addNameRange     '1.1.11',
310 silly addNameRange     '1.1.12',
310 silly addNameRange     '1.1.13',
310 silly addNameRange     '1.1.14',
310 silly addNameRange     '1.2.0',
310 silly addNameRange     '1.2.1',
310 silly addNameRange     '1.2.2',
310 silly addNameRange     '1.2.3',
310 silly addNameRange     '2.0.0',
310 silly addNameRange     '2.0.1',
310 silly addNameRange     '2.0.2',
310 silly addNameRange     '2.0.3',
310 silly addNameRange     '3.0.0',
310 silly addNameRange     '3.0.1',
310 silly addNameRange     '3.0.2',
310 silly addNameRange     '3.0.3',
310 silly addNameRange     '3.0.4',
310 silly addNameRange     '3.0.5',
310 silly addNameRange     '3.0.6',
310 silly addNameRange     '3.0.7',
310 silly addNameRange     '3.0.8',
310 silly addNameRange     '4.1.0',
310 silly addNameRange     '4.1.1',
310 silly addNameRange     '4.1.2',
310 silly addNameRange     '4.1.3',
310 silly addNameRange     '4.1.4' ] ]
311 silly addNamed graceful-fs@1.2.3
312 verbose addNamed "1.2.3" is a plain semver version for graceful-fs
313 warn deprecated graceful-fs@1.2.3: graceful-fs v3.0.0 and before will fail on node releases >= v7.0. Please update to graceful-fs@^4.0.0 as soon as possible. Use 'npm ls graceful-fs' to find it in the tree.
314 silly cache afterAdd graceful-fs@1.2.3
315 verbose afterAdd C:\Users\vadym.riznyk\AppData\Roaming\npm-cache\graceful-fs\1.2.3\package\package.json not in flight; writing
316 verbose correctMkdir C:\Users\vadym.riznyk\AppData\Roaming\npm-cache correctMkdir not in flight; initializing
317 verbose afterAdd C:\Users\vadym.riznyk\AppData\Roaming\npm-cache\graceful-fs\1.2.3\package\package.json written
318 silly fetchNamedPackageData node-expat
319 silly mapToRegistry name node-expat
320 silly mapToRegistry using default registry
321 silly mapToRegistry registry https://registry.npmjs.org/
322 silly mapToRegistry data Result {
322 silly mapToRegistry   raw: 'node-expat',
322 silly mapToRegistry   scope: null,
322 silly mapToRegistry   name: 'node-expat',
322 silly mapToRegistry   rawSpec: '',
322 silly mapToRegistry   spec: 'latest',
322 silly mapToRegistry   type: 'tag' }
323 silly mapToRegistry uri https://registry.npmjs.org/node-expat
324 verbose request uri https://registry.npmjs.org/node-expat
325 verbose request no auth needed
326 info attempt registry request try #1 at 1:25:44 PM
327 http request GET https://registry.npmjs.org/node-expat
328 http 200 https://registry.npmjs.org/node-expat
329 verbose headers { server: 'CouchDB/1.5.0 (Erlang OTP/R16B03)',
329 verbose headers   etag: '"DF0QDFFO2DFZL2BI6SQM2MW7U"',
329 verbose headers   'content-type': 'application/json',
329 verbose headers   'content-encoding': 'gzip',
329 verbose headers   'cache-control': 'max-age=300',
329 verbose headers   'content-length': '7384',
329 verbose headers   'accept-ranges': 'bytes',
329 verbose headers   date: 'Fri, 17 Jun 2016 10:25:44 GMT',
329 verbose headers   via: '1.1 varnish',
329 verbose headers   age: '70',
329 verbose headers   connection: 'keep-alive',
329 verbose headers   'x-served-by': 'cache-fra1221-FRA',
329 verbose headers   'x-cache': 'HIT',
329 verbose headers   'x-cache-hits': '1',
329 verbose headers   'x-timer': 'S1466159144.237582,VS0,VE0',
329 verbose headers   vary: 'Accept-Encoding' }
330 silly get cb [ 200,
330 silly get   { server: 'CouchDB/1.5.0 (Erlang OTP/R16B03)',
330 silly get     etag: '"DF0QDFFO2DFZL2BI6SQM2MW7U"',
330 silly get     'content-type': 'application/json',
330 silly get     'content-encoding': 'gzip',
330 silly get     'cache-control': 'max-age=300',
330 silly get     'content-length': '7384',
330 silly get     'accept-ranges': 'bytes',
330 silly get     date: 'Fri, 17 Jun 2016 10:25:44 GMT',
330 silly get     via: '1.1 varnish',
330 silly get     age: '70',
330 silly get     connection: 'keep-alive',
330 silly get     'x-served-by': 'cache-fra1221-FRA',
330 silly get     'x-cache': 'HIT',
330 silly get     'x-cache-hits': '1',
330 silly get     'x-timer': 'S1466159144.237582,VS0,VE0',
330 silly get     vary: 'Accept-Encoding' } ]
331 verbose get saving node-expat to C:\Users\vadym.riznyk\AppData\Roaming\npm-cache\registry.npmjs.org\node-expat\.cache.json
332 verbose correctMkdir C:\Users\vadym.riznyk\AppData\Roaming\npm-cache correctMkdir not in flight; initializing
333 silly resolveWithNewModule node-expat@2.0.0 checking installable status
334 silly cache add args [ 'node-expat@2.0.0', null ]
335 verbose cache add spec node-expat@2.0.0
336 silly cache add parsed spec Result {
336 silly cache add   raw: 'node-expat@2.0.0',
336 silly cache add   scope: null,
336 silly cache add   name: 'node-expat',
336 silly cache add   rawSpec: '2.0.0',
336 silly cache add   spec: '2.0.0',
336 silly cache add   type: 'version' }
337 silly addNamed node-expat@2.0.0
338 verbose addNamed "2.0.0" is a plain semver version for node-expat
339 silly mapToRegistry name node-expat
340 silly mapToRegistry using default registry
341 silly mapToRegistry registry https://registry.npmjs.org/
342 silly mapToRegistry data Result {
342 silly mapToRegistry   raw: 'node-expat',
342 silly mapToRegistry   scope: null,
342 silly mapToRegistry   name: 'node-expat',
342 silly mapToRegistry   rawSpec: '',
342 silly mapToRegistry   spec: 'latest',
342 silly mapToRegistry   type: 'tag' }
343 silly mapToRegistry uri https://registry.npmjs.org/node-expat
344 verbose addNameVersion registry:https://registry.npmjs.org/node-expat not in flight; fetching
345 verbose get https://registry.npmjs.org/node-expat not expired, no request
346 silly mapToRegistry name node-expat
347 silly mapToRegistry using default registry
348 silly mapToRegistry registry https://registry.npmjs.org/
349 silly mapToRegistry data Result {
349 silly mapToRegistry   raw: 'node-expat',
349 silly mapToRegistry   scope: null,
349 silly mapToRegistry   name: 'node-expat',
349 silly mapToRegistry   rawSpec: '',
349 silly mapToRegistry   spec: 'latest',
349 silly mapToRegistry   type: 'tag' }
350 silly mapToRegistry uri https://registry.npmjs.org/node-expat
351 verbose addRemoteTarball https://registry.npmjs.org/node-expat/-/node-expat-2.0.0.tgz not in flight; adding
352 verbose addRemoteTarball [ 'https://registry.npmjs.org/node-expat/-/node-expat-2.0.0.tgz',
352 verbose addRemoteTarball   'a10271b3463484fa4b59895df61693a1de4ac735' ]
353 info retry fetch attempt 1 at 1:25:44 PM
354 info attempt registry request try #1 at 1:25:44 PM
355 http fetch GET https://registry.npmjs.org/node-expat/-/node-expat-2.0.0.tgz
356 http fetch 200 https://registry.npmjs.org/node-expat/-/node-expat-2.0.0.tgz
357 silly fetchAndShaCheck shasum a10271b3463484fa4b59895df61693a1de4ac735
358 verbose addTmpTarball C:\Users\VADYM~1.RIZ\AppData\Local\Temp\npm-6640-3f87a34c\registry.npmjs.org\node-expat\-\node-expat-2.0.0.tgz not in flight; adding
359 verbose addTmpTarball already have metadata; skipping unpack for node-expat@2.0.0
360 verbose correctMkdir C:\Users\vadym.riznyk\AppData\Roaming\npm-cache correctMkdir not in flight; initializing
361 silly cache afterAdd node-expat@2.0.0
362 verbose afterAdd C:\Users\vadym.riznyk\AppData\Roaming\npm-cache\node-expat\2.0.0\package\package.json not in flight; writing
363 verbose correctMkdir C:\Users\vadym.riznyk\AppData\Roaming\npm-cache correctMkdir not in flight; initializing
364 verbose afterAdd C:\Users\vadym.riznyk\AppData\Roaming\npm-cache\node-expat\2.0.0\package\package.json written
365 silly loadAllDepsIntoIdealTree Finishing
366 silly idealTree:prePrune office
366 silly idealTree:prePrune +-- graceful-fs@1.2.3
366 silly idealTree:prePrune +-- node-expat@2.0.0
366 silly idealTree:prePrune +-- office@0.0.8
366 silly idealTree:prePrune +-- osenv@0.0.3
366 silly idealTree:prePrune +-- rimraf@2.1.4
366 silly idealTree:prePrune +-- temp@0.6.0
366 silly idealTree:prePrune `-- xml2json@0.3.2
367 silly loadIdealTree Finishing
368 silly currentTree office
369 silly idealTree office
369 silly idealTree +-- graceful-fs@1.2.3
369 silly idealTree +-- node-expat@2.0.0
369 silly idealTree +-- office@0.0.8
369 silly idealTree +-- osenv@0.0.3
369 silly idealTree +-- rimraf@2.1.4
369 silly idealTree +-- temp@0.6.0
369 silly idealTree `-- xml2json@0.3.2
370 silly generateActionsToTake Starting
371 silly install generateActionsToTake
372 silly generateActionsToTake Finishing
373 silly diffTrees action count 7
374 silly diffTrees add graceful-fs@1.2.3
375 silly diffTrees add node-expat@2.0.0
376 silly diffTrees add osenv@0.0.3
377 silly diffTrees add rimraf@2.1.4
378 silly diffTrees add temp@0.6.0
379 silly diffTrees add xml2json@0.3.2
380 silly diffTrees add office@0.0.8
381 silly decomposeActions action count 56
382 silly decomposeActions fetch graceful-fs@1.2.3
383 silly decomposeActions extract graceful-fs@1.2.3
384 silly decomposeActions test graceful-fs@1.2.3
385 silly decomposeActions preinstall graceful-fs@1.2.3
386 silly decomposeActions build graceful-fs@1.2.3
387 silly decomposeActions install graceful-fs@1.2.3
388 silly decomposeActions postinstall graceful-fs@1.2.3
389 silly decomposeActions finalize graceful-fs@1.2.3
390 silly decomposeActions fetch node-expat@2.0.0
391 silly decomposeActions extract node-expat@2.0.0
392 silly decomposeActions test node-expat@2.0.0
393 silly decomposeActions preinstall node-expat@2.0.0
394 silly decomposeActions build node-expat@2.0.0
395 silly decomposeActions install node-expat@2.0.0
396 silly decomposeActions postinstall node-expat@2.0.0
397 silly decomposeActions finalize node-expat@2.0.0
398 silly decomposeActions fetch osenv@0.0.3
399 silly decomposeActions extract osenv@0.0.3
400 silly decomposeActions test osenv@0.0.3
401 silly decomposeActions preinstall osenv@0.0.3
402 silly decomposeActions build osenv@0.0.3
403 silly decomposeActions install osenv@0.0.3
404 silly decomposeActions postinstall osenv@0.0.3
405 silly decomposeActions finalize osenv@0.0.3
406 silly decomposeActions fetch rimraf@2.1.4
407 silly decomposeActions extract rimraf@2.1.4
408 silly decomposeActions test rimraf@2.1.4
409 silly decomposeActions preinstall rimraf@2.1.4
410 silly decomposeActions build rimraf@2.1.4
411 silly decomposeActions install rimraf@2.1.4
412 silly decomposeActions postinstall rimraf@2.1.4
413 silly decomposeActions finalize rimraf@2.1.4
414 silly decomposeActions fetch temp@0.6.0
415 silly decomposeActions extract temp@0.6.0
416 silly decomposeActions test temp@0.6.0
417 silly decomposeActions preinstall temp@0.6.0
418 silly decomposeActions build temp@0.6.0
419 silly decomposeActions install temp@0.6.0
420 silly decomposeActions postinstall temp@0.6.0
421 silly decomposeActions finalize temp@0.6.0
422 silly decomposeActions fetch xml2json@0.3.2
423 silly decomposeActions extract xml2json@0.3.2
424 silly decomposeActions test xml2json@0.3.2
425 silly decomposeActions preinstall xml2json@0.3.2
426 silly decomposeActions build xml2json@0.3.2
427 silly decomposeActions install xml2json@0.3.2
428 silly decomposeActions postinstall xml2json@0.3.2
429 silly decomposeActions finalize xml2json@0.3.2
430 silly decomposeActions fetch office@0.0.8
431 silly decomposeActions extract office@0.0.8
432 silly decomposeActions test office@0.0.8
433 silly decomposeActions preinstall office@0.0.8
434 silly decomposeActions build office@0.0.8
435 silly decomposeActions install office@0.0.8
436 silly decomposeActions postinstall office@0.0.8
437 silly decomposeActions finalize office@0.0.8
438 silly executeActions Starting
439 silly install executeActions
440 silly doSerial global-install 0
441 silly doParallel fetch 7
442 verbose correctMkdir C:\Users\vadym.riznyk\AppData\Roaming\npm-cache\_locks correctMkdir not in flight; initializing
443 verbose lock using C:\Users\vadym.riznyk\AppData\Roaming\npm-cache\_locks\staging-f144f31a89cf64eb.lock for D:\git\training\office\node_modules\.staging
444 silly doParallel extract 7
445 silly extract graceful-fs@1.2.3
446 silly extract node-expat@2.0.0
447 silly extract osenv@0.0.3
448 silly extract rimraf@2.1.4
449 silly extract temp@0.6.0
450 silly extract xml2json@0.3.2
451 silly extract office@0.0.8
452 verbose unbuild node_modules\.staging\graceful-fs-b6173034
453 verbose unbuild node_modules\.staging\node-expat-8970b56a
454 verbose unbuild node_modules\.staging\rimraf-3d21ab61
455 verbose unbuild node_modules\.staging\osenv-c931e56e
456 verbose unbuild node_modules\.staging\temp-9fa97e61
457 verbose unbuild node_modules\.staging\xml2json-d7f24e94
458 verbose unbuild node_modules\.staging\office-c0a44eb5
459 silly gentlyRm D:\git\training\office\node_modules\.staging\graceful-fs-b6173034 is being purged from base D:\git\training\office
460 verbose gentlyRm don't care about contents; nuking D:\git\training\office\node_modules\.staging\graceful-fs-b6173034
461 silly gentlyRm D:\git\training\office\node_modules\.staging\node-expat-8970b56a is being purged from base D:\git\training\office
462 verbose gentlyRm don't care about contents; nuking D:\git\training\office\node_modules\.staging\node-expat-8970b56a
463 silly gentlyRm D:\git\training\office\node_modules\.staging\rimraf-3d21ab61 is being purged from base D:\git\training\office
464 verbose gentlyRm don't care about contents; nuking D:\git\training\office\node_modules\.staging\rimraf-3d21ab61
465 silly gentlyRm D:\git\training\office\node_modules\.staging\osenv-c931e56e is being purged from base D:\git\training\office
466 verbose gentlyRm don't care about contents; nuking D:\git\training\office\node_modules\.staging\osenv-c931e56e
467 silly gentlyRm D:\git\training\office\node_modules\.staging\temp-9fa97e61 is being purged from base D:\git\training\office
468 verbose gentlyRm don't care about contents; nuking D:\git\training\office\node_modules\.staging\temp-9fa97e61
469 silly gentlyRm D:\git\training\office\node_modules\.staging\xml2json-d7f24e94 is being purged from base D:\git\training\office
470 verbose gentlyRm don't care about contents; nuking D:\git\training\office\node_modules\.staging\xml2json-d7f24e94
471 silly gentlyRm D:\git\training\office\node_modules\.staging\office-c0a44eb5 is being purged from base D:\git\training\office
472 verbose gentlyRm don't care about contents; nuking D:\git\training\office\node_modules\.staging\office-c0a44eb5
473 verbose tar unpack C:\Users\vadym.riznyk\AppData\Roaming\npm-cache\graceful-fs\1.2.3\package.tgz
474 verbose tar unpacking to D:\git\training\office\node_modules\.staging\graceful-fs-b6173034
475 silly gentlyRm D:\git\training\office\node_modules\.staging\graceful-fs-b6173034 is being purged
476 verbose gentlyRm don't care about contents; nuking D:\git\training\office\node_modules\.staging\graceful-fs-b6173034
477 verbose tar unpack C:\Users\vadym.riznyk\AppData\Roaming\npm-cache\node-expat\2.0.0\package.tgz
478 verbose tar unpacking to D:\git\training\office\node_modules\.staging\node-expat-8970b56a
479 silly gentlyRm D:\git\training\office\node_modules\.staging\node-expat-8970b56a is being purged
480 verbose gentlyRm don't care about contents; nuking D:\git\training\office\node_modules\.staging\node-expat-8970b56a
481 verbose tar unpack C:\Users\vadym.riznyk\AppData\Roaming\npm-cache\rimraf\2.1.4\package.tgz
482 verbose tar unpacking to D:\git\training\office\node_modules\.staging\rimraf-3d21ab61
483 silly gentlyRm D:\git\training\office\node_modules\.staging\rimraf-3d21ab61 is being purged
484 verbose gentlyRm don't care about contents; nuking D:\git\training\office\node_modules\.staging\rimraf-3d21ab61
485 verbose tar unpack C:\Users\vadym.riznyk\AppData\Roaming\npm-cache\osenv\0.0.3\package.tgz
486 verbose tar unpacking to D:\git\training\office\node_modules\.staging\osenv-c931e56e
487 silly gentlyRm D:\git\training\office\node_modules\.staging\osenv-c931e56e is being purged
488 verbose gentlyRm don't care about contents; nuking D:\git\training\office\node_modules\.staging\osenv-c931e56e
489 verbose tar unpack C:\Users\vadym.riznyk\AppData\Roaming\npm-cache\temp\0.6.0\package.tgz
490 verbose tar unpacking to D:\git\training\office\node_modules\.staging\temp-9fa97e61
491 silly gentlyRm D:\git\training\office\node_modules\.staging\temp-9fa97e61 is being purged
492 verbose gentlyRm don't care about contents; nuking D:\git\training\office\node_modules\.staging\temp-9fa97e61
493 verbose tar unpack C:\Users\vadym.riznyk\AppData\Roaming\npm-cache\xml2json\0.3.2\package.tgz
494 verbose tar unpacking to D:\git\training\office\node_modules\.staging\xml2json-d7f24e94
495 silly gentlyRm D:\git\training\office\node_modules\.staging\xml2json-d7f24e94 is being purged
496 verbose gentlyRm don't care about contents; nuking D:\git\training\office\node_modules\.staging\xml2json-d7f24e94
497 verbose tar unpack C:\Users\vadym.riznyk\AppData\Roaming\npm-cache\office\0.0.8\package.tgz
498 verbose tar unpacking to D:\git\training\office\node_modules\.staging\office-c0a44eb5
499 silly gentlyRm D:\git\training\office\node_modules\.staging\office-c0a44eb5 is being purged
500 verbose gentlyRm don't care about contents; nuking D:\git\training\office\node_modules\.staging\office-c0a44eb5
501 silly gunzTarPerm modes [ '777', '666' ]
502 silly gunzTarPerm modes [ '777', '666' ]
503 silly gunzTarPerm modes [ '777', '666' ]
504 silly gunzTarPerm modes [ '777', '666' ]
505 silly gunzTarPerm modes [ '777', '666' ]
506 silly gunzTarPerm modes [ '777', '666' ]
507 silly gunzTarPerm modes [ '777', '666' ]
508 silly gunzTarPerm extractEntry package.json
509 silly gunzTarPerm modified mode [ 'package.json', 420, 438 ]
510 silly gunzTarPerm extractEntry package.json
511 silly gunzTarPerm modified mode [ 'package.json', 420, 438 ]
512 silly gunzTarPerm extractEntry package.json
513 silly gunzTarPerm modified mode [ 'package.json', 420, 438 ]
514 silly gunzTarPerm extractEntry package.json
515 silly gunzTarPerm modified mode [ 'package.json', 420, 438 ]
516 silly gunzTarPerm extractEntry package.json
517 silly gunzTarPerm modified mode [ 'package.json', 420, 438 ]
518 silly gunzTarPerm extractEntry package.json
519 silly gunzTarPerm modified mode [ 'package.json', 420, 438 ]
520 silly gunzTarPerm extractEntry package.json
521 silly gunzTarPerm modified mode [ 'package.json', 420, 438 ]
522 silly gunzTarPerm extractEntry README.md
523 silly gunzTarPerm modified mode [ 'README.md', 420, 438 ]
524 silly gunzTarPerm extractEntry LICENSE
525 silly gunzTarPerm modified mode [ 'LICENSE', 420, 438 ]
526 silly gunzTarPerm extractEntry .npmignore
527 silly gunzTarPerm modified mode [ '.npmignore', 420, 438 ]
528 silly gunzTarPerm extractEntry LICENSE
529 silly gunzTarPerm modified mode [ 'LICENSE', 420, 438 ]
530 silly gunzTarPerm extractEntry .npmignore
531 silly gunzTarPerm modified mode [ '.npmignore', 420, 438 ]
532 silly gunzTarPerm extractEntry README.md
533 silly gunzTarPerm modified mode [ 'README.md', 420, 438 ]
534 silly gunzTarPerm extractEntry README.md
535 silly gunzTarPerm modified mode [ 'README.md', 420, 438 ]
536 silly gunzTarPerm extractEntry LICENSE
537 silly gunzTarPerm modified mode [ 'LICENSE', 420, 438 ]
538 silly gunzTarPerm extractEntry .npmignore
539 silly gunzTarPerm modified mode [ '.npmignore', 420, 438 ]
540 silly gunzTarPerm extractEntry README.md
541 silly gunzTarPerm modified mode [ 'README.md', 420, 438 ]
542 silly gunzTarPerm extractEntry .npmignore
543 silly gunzTarPerm modified mode [ '.npmignore', 420, 438 ]
544 silly gunzTarPerm extractEntry README.md
545 silly gunzTarPerm modified mode [ 'README.md', 420, 438 ]
546 silly gunzTarPerm extractEntry .npmignore
547 silly gunzTarPerm modified mode [ '.npmignore', 420, 438 ]
548 silly gunzTarPerm extractEntry README.md
549 silly gunzTarPerm modified mode [ 'README.md', 420, 438 ]
550 silly gunzTarPerm extractEntry LICENSE
551 silly gunzTarPerm modified mode [ 'LICENSE', 420, 438 ]
552 silly gunzTarPerm extractEntry graceful-fs.js
553 silly gunzTarPerm modified mode [ 'graceful-fs.js', 420, 438 ]
554 silly gunzTarPerm extractEntry rimraf.js
555 silly gunzTarPerm modified mode [ 'rimraf.js', 420, 438 ]
556 silly gunzTarPerm extractEntry AUTHORS
557 silly gunzTarPerm modified mode [ 'AUTHORS', 420, 438 ]
558 silly gunzTarPerm extractEntry test.js
559 silly gunzTarPerm modified mode [ 'test.js', 420, 438 ]
560 silly gunzTarPerm extractEntry osenv.js
561 silly gunzTarPerm modified mode [ 'osenv.js', 420, 438 ]
562 silly gunzTarPerm extractEntry test/unix.js
563 silly gunzTarPerm modified mode [ 'test/unix.js', 420, 438 ]
564 silly gunzTarPerm extractEntry bench.js
565 silly gunzTarPerm modified mode [ 'bench.js', 420, 438 ]
566 silly gunzTarPerm extractEntry index.js
567 silly gunzTarPerm modified mode [ 'index.js', 420, 438 ]
568 silly gunzTarPerm extractEntry test/.npmignore
569 silly gunzTarPerm modified mode [ 'test/.npmignore', 420, 438 ]
570 silly gunzTarPerm extractEntry LICENSE
571 silly gunzTarPerm modified mode [ 'LICENSE', 420, 438 ]
572 silly gunzTarPerm extractEntry .travis.yml
573 silly gunzTarPerm modified mode [ '.travis.yml', 420, 438 ]
574 silly gunzTarPerm extractEntry LICENSE
575 silly gunzTarPerm modified mode [ 'LICENSE', 420, 438 ]
576 silly gunzTarPerm extractEntry Gruntfile.js
577 silly gunzTarPerm modified mode [ 'Gruntfile.js', 420, 438 ]
578 silly gunzTarPerm extractEntry test/open.js
579 silly gunzTarPerm modified mode [ 'test/open.js', 420, 438 ]
580 silly gunzTarPerm extractEntry README.markdown
581 silly gunzTarPerm modified mode [ 'README.markdown', 420, 438 ]
582 silly gunzTarPerm extractEntry .travis.yml
583 silly gunzTarPerm modified mode [ '.travis.yml', 420, 438 ]
584 silly gunzTarPerm extractEntry test/test-coerce.js
585 silly gunzTarPerm modified mode [ 'test/test-coerce.js', 420, 438 ]
586 silly gunzTarPerm extractEntry test/coerce-overhead.js
587 silly gunzTarPerm modified mode [ 'test/coerce-overhead.js', 420, 438 ]
588 silly gunzTarPerm extractEntry index.js
589 silly gunzTarPerm modified mode [ 'index.js', 420, 438 ]
590 silly gunzTarPerm extractEntry test/documents.js
591 silly gunzTarPerm modified mode [ 'test/documents.js', 420, 438 ]
592 silly gunzTarPerm extractEntry test/windows.js
593 silly gunzTarPerm modified mode [ 'test/windows.js', 420, 438 ]
594 silly gunzTarPerm extractEntry test/test-async.js
595 silly gunzTarPerm modified mode [ 'test/test-async.js', 420, 438 ]
596 silly gunzTarPerm extractEntry test/test-sync.js
597 silly gunzTarPerm modified mode [ 'test/test-sync.js', 420, 438 ]
598 silly gunzTarPerm extractEntry examples/grepcount.js
599 silly gunzTarPerm modified mode [ 'examples/grepcount.js', 420, 438 ]
600 silly gunzTarPerm extractEntry examples/pdfcreator.js
601 silly gunzTarPerm modified mode [ 'examples/pdfcreator.js', 420, 438 ]
602 silly gunzTarPerm extractEntry test/test.js
603 silly gunzTarPerm modified mode [ 'test/test.js', 420, 438 ]
604 silly gunzTarPerm extractEntry test/test-reorder.js
605 silly gunzTarPerm modified mode [ 'test/test-reorder.js', 420, 438 ]
606 silly gunzTarPerm extractEntry test/ulimit.js
607 silly gunzTarPerm modified mode [ 'test/ulimit.js', 420, 438 ]
608 silly gunzTarPerm extractEntry test/spreadsheets.js
609 silly gunzTarPerm modified mode [ 'test/spreadsheets.js', 420, 438 ]
610 silly gunzTarPerm extractEntry test/test.ods
611 silly gunzTarPerm modified mode [ 'test/test.ods', 420, 438 ]
612 silly gunzTarPerm extractEntry node-expat.cc
613 silly gunzTarPerm modified mode [ 'node-expat.cc', 420, 438 ]
614 silly gunzTarPerm extractEntry test-mystic-library.xml
615 silly gunzTarPerm modified mode [ 'test-mystic-library.xml', 420, 438 ]
616 silly gunzTarPerm extractEntry test/run.sh
617 silly gunzTarPerm modified mode [ 'test/run.sh', 420, 438 ]
618 silly gunzTarPerm extractEntry test/setup.sh
619 silly gunzTarPerm modified mode [ 'test/setup.sh', 420, 438 ]
620 silly gunzTarPerm extractEntry test/test.odt
621 silly gunzTarPerm modified mode [ 'test/test.odt', 420, 438 ]
622 silly gunzTarPerm extractEntry lib/temp.js
623 silly gunzTarPerm modified mode [ 'lib/temp.js', 420, 438 ]
624 silly gunzTarPerm extractEntry test/test-space.js
625 silly gunzTarPerm modified mode [ 'test/test-space.js', 420, 438 ]
626 silly gunzTarPerm extractEntry test/fixtures/domain.json
627 silly gunzTarPerm modified mode [ 'test/fixtures/domain.json', 420, 438 ]
628 silly gunzTarPerm extractEntry test/fixtures/spacetext.json
629 silly gunzTarPerm modified mode [ 'test/fixtures/spacetext.json', 420, 438 ]
630 silly gunzTarPerm extractEntry test/fixtures/large.xml
631 silly gunzTarPerm modified mode [ 'test/fixtures/large.xml', 420, 438 ]
632 silly gunzTarPerm extractEntry test/fixtures/large.json
633 silly gunzTarPerm modified mode [ 'test/fixtures/large.json', 420, 438 ]
634 silly gunzTarPerm extractEntry test/fixtures/reorder.json
635 silly gunzTarPerm modified mode [ 'test/fixtures/reorder.json', 420, 438 ]
636 silly gunzTarPerm extractEntry test/fixtures/coerce.xml
637 silly gunzTarPerm modified mode [ 'test/fixtures/coerce.xml', 420, 438 ]
638 silly gunzTarPerm extractEntry test/fixtures/spacetext.xml
639 silly gunzTarPerm modified mode [ 'test/fixtures/spacetext.xml', 420, 438 ]
640 silly gunzTarPerm extractEntry test/fixtures/domain-reversible.json
641 silly gunzTarPerm modified mode [ 'test/fixtures/domain-reversible.json', 420, 438 ]
642 silly gunzTarPerm extractEntry test/fixtures/reorder.xml
643 silly gunzTarPerm modified mode [ 'test/fixtures/reorder.xml', 420, 438 ]
644 silly gunzTarPerm extractEntry test/fixtures/coerce.json
645 silly gunzTarPerm modified mode [ 'test/fixtures/coerce.json', 420, 438 ]
646 silly gunzTarPerm extractEntry test/fixtures/domain.xml
647 silly gunzTarPerm modified mode [ 'test/fixtures/domain.xml', 420, 438 ]
648 silly gunzTarPerm extractEntry lib/xml2json.js
649 silly gunzTarPerm modified mode [ 'lib/xml2json.js', 420, 438 ]
650 silly gunzTarPerm extractEntry lib/json2xml.js
651 silly gunzTarPerm modified mode [ 'lib/json2xml.js', 420, 438 ]
652 silly gunzTarPerm extractEntry lib/index.js
653 silly gunzTarPerm modified mode [ 'lib/index.js', 420, 438 ]
654 silly gunzTarPerm extractEntry test/temp-test.js
655 silly gunzTarPerm modified mode [ 'test/temp-test.js', 420, 438 ]
656 silly gunzTarPerm extractEntry test/test.xls
657 silly gunzTarPerm modified mode [ 'test/test.xls', 420, 438 ]
658 silly gunzTarPerm extractEntry deps/libexpat/README
659 silly gunzTarPerm modified mode [ 'deps/libexpat/README', 420, 438 ]
660 silly gunzTarPerm extractEntry deps/libexpat/ConfigureChecks.cmake
661 silly gunzTarPerm modified mode [ 'deps/libexpat/ConfigureChecks.cmake', 493, 511 ]
662 silly gunzTarPerm extractEntry deps/libexpat/CMake.README
663 silly gunzTarPerm modified mode [ 'deps/libexpat/CMake.README', 493, 511 ]
664 silly gunzTarPerm extractEntry deps/libexpat/examples/elements.c
665 silly gunzTarPerm modified mode [ 'deps/libexpat/examples/elements.c', 420, 438 ]
666 silly gentlyRm D:\git\training\office\node_modules\.staging\osenv-c931e56e\node_modules is being purged
667 verbose gentlyRm don't care about contents; nuking D:\git\training\office\node_modules\.staging\osenv-c931e56e\node_modules
668 silly gunzTarPerm extractEntry deps/libexpat/examples/elements.dsp
669 silly gunzTarPerm modified mode [ 'deps/libexpat/examples/elements.dsp', 420, 438 ]
670 silly gunzTarPerm extractEntry deps/libexpat/examples/outline.c
671 silly gunzTarPerm modified mode [ 'deps/libexpat/examples/outline.c', 420, 438 ]
672 silly gunzTarPerm extractEntry deps/libexpat/examples/outline.dsp
673 silly gunzTarPerm modified mode [ 'deps/libexpat/examples/outline.dsp', 420, 438 ]
674 silly gentlyRm D:\git\training\office\node_modules\.staging\graceful-fs-b6173034\node_modules is being purged
675 verbose gentlyRm don't care about contents; nuking D:\git\training\office\node_modules\.staging\graceful-fs-b6173034\node_modules
676 silly gunzTarPerm extractEntry deps/libexpat/xmlwf/codepage.c
677 silly gunzTarPerm modified mode [ 'deps/libexpat/xmlwf/codepage.c', 493, 511 ]
678 silly gunzTarPerm extractEntry deps/libexpat/xmlwf/xmlmime.c
679 silly gunzTarPerm modified mode [ 'deps/libexpat/xmlwf/xmlmime.c', 493, 511 ]
680 silly gunzTarPerm extractEntry deps/libexpat/xmlwf/win32filemap.c
681 silly gunzTarPerm modified mode [ 'deps/libexpat/xmlwf/win32filemap.c', 493, 511 ]
682 silly gunzTarPerm extractEntry deps/libexpat/xmlwf/xmlfile.h
683 silly gunzTarPerm modified mode [ 'deps/libexpat/xmlwf/xmlfile.h', 493, 511 ]
684 silly gunzTarPerm extractEntry deps/libexpat/xmlwf/codepage.h
685 silly gunzTarPerm modified mode [ 'deps/libexpat/xmlwf/codepage.h', 493, 511 ]
686 silly gunzTarPerm extractEntry deps/libexpat/xmlwf/xmlwf.dsp
687 silly gunzTarPerm modified mode [ 'deps/libexpat/xmlwf/xmlwf.dsp', 493, 511 ]
688 silly gunzTarPerm extractEntry deps/libexpat/xmlwf/xmltchar.h
689 silly gunzTarPerm modified mode [ 'deps/libexpat/xmlwf/xmltchar.h', 493, 511 ]
690 silly gunzTarPerm extractEntry deps/libexpat/xmlwf/xmlfile.c
691 silly gunzTarPerm modified mode [ 'deps/libexpat/xmlwf/xmlfile.c', 493, 511 ]
692 silly gunzTarPerm extractEntry deps/libexpat/xmlwf/xmlwf.c
693 silly gunzTarPerm modified mode [ 'deps/libexpat/xmlwf/xmlwf.c', 493, 511 ]
694 silly gentlyRm D:\git\training\office\node_modules\.staging\rimraf-3d21ab61\node_modules is being purged
695 verbose gentlyRm don't care about contents; nuking D:\git\training\office\node_modules\.staging\rimraf-3d21ab61\node_modules
696 silly gunzTarPerm extractEntry deps/libexpat/xmlwf/ct.c
697 silly gunzTarPerm modified mode [ 'deps/libexpat/xmlwf/ct.c', 493, 511 ]
698 silly gentlyRm D:\git\training\office\node_modules\.staging\temp-9fa97e61\node_modules is being purged
699 verbose gentlyRm don't care about contents; nuking D:\git\training\office\node_modules\.staging\temp-9fa97e61\node_modules
700 silly gunzTarPerm extractEntry deps/libexpat/xmlwf/filemap.h
701 silly gunzTarPerm modified mode [ 'deps/libexpat/xmlwf/filemap.h', 493, 511 ]
702 silly gunzTarPerm extractEntry deps/libexpat/xmlwf/xmlurl.h
703 silly gunzTarPerm modified mode [ 'deps/libexpat/xmlwf/xmlurl.h', 493, 511 ]
704 silly gunzTarPerm extractEntry deps/libexpat/xmlwf/xmlmime.h
705 silly gunzTarPerm modified mode [ 'deps/libexpat/xmlwf/xmlmime.h', 493, 511 ]
706 silly gunzTarPerm extractEntry deps/libexpat/xmlwf/xmlwin32url.cxx
707 silly gunzTarPerm modified mode [ 'deps/libexpat/xmlwf/xmlwin32url.cxx', 493, 511 ]
708 silly gunzTarPerm extractEntry deps/libexpat/xmlwf/unixfilemap.c
709 silly gunzTarPerm modified mode [ 'deps/libexpat/xmlwf/unixfilemap.c', 493, 511 ]
710 silly gunzTarPerm extractEntry deps/libexpat/xmlwf/readfilemap.c
711 silly gunzTarPerm modified mode [ 'deps/libexpat/xmlwf/readfilemap.c', 493, 511 ]
712 silly gunzTarPerm extractEntry deps/libexpat/win32/README.txt
713 silly gunzTarPerm modified mode [ 'deps/libexpat/win32/README.txt', 420, 438 ]
714 silly gunzTarPerm extractEntry deps/libexpat/win32/MANIFEST.txt
715 silly gunzTarPerm modified mode [ 'deps/libexpat/win32/MANIFEST.txt', 420, 438 ]
716 silly gunzTarPerm extractEntry deps/libexpat/win32/expat.iss
717 silly gunzTarPerm modified mode [ 'deps/libexpat/win32/expat.iss', 420, 438 ]
718 silly gunzTarPerm extractEntry deps/libexpat/doc/xmlwf.1
719 silly gunzTarPerm modified mode [ 'deps/libexpat/doc/xmlwf.1', 420, 438 ]
720 silly gunzTarPerm extractEntry deps/libexpat/doc/style.css
721 silly gunzTarPerm modified mode [ 'deps/libexpat/doc/style.css', 420, 438 ]
722 silly gunzTarPerm extractEntry deps/libexpat/doc/valid-xhtml10.png
723 silly gunzTarPerm modified mode [ 'deps/libexpat/doc/valid-xhtml10.png', 420, 438 ]
724 silly gunzTarPerm extractEntry deps/libexpat/doc/reference.html
725 silly gunzTarPerm modified mode [ 'deps/libexpat/doc/reference.html', 420, 438 ]
726 silly gunzTarPerm extractEntry deps/libexpat/doc/xmlwf.sgml
727 silly gunzTarPerm modified mode [ 'deps/libexpat/doc/xmlwf.sgml', 420, 438 ]
728 silly gentlyRm D:\git\training\office\node_modules\.staging\office-c0a44eb5\node_modules is being purged
729 verbose gentlyRm don't care about contents; nuking D:\git\training\office\node_modules\.staging\office-c0a44eb5\node_modules
730 silly gunzTarPerm extractEntry deps/libexpat/doc/expat.png
731 silly gunzTarPerm modified mode [ 'deps/libexpat/doc/expat.png', 420, 438 ]
732 silly gunzTarPerm extractEntry deps/libexpat/Makefile.in
733 silly gunzTarPerm modified mode [ 'deps/libexpat/Makefile.in', 420, 438 ]
734 silly gunzTarPerm extractEntry deps/libexpat/configure
735 silly gunzTarPerm modified mode [ 'deps/libexpat/configure', 493, 511 ]
736 silly gunzTarPerm extractEntry deps/libexpat/bcb5/elements.mak
737 silly gunzTarPerm modified mode [ 'deps/libexpat/bcb5/elements.mak', 420, 438 ]
738 silly gunzTarPerm extractEntry deps/libexpat/bcb5/expat.mak
739 silly gunzTarPerm modified mode [ 'deps/libexpat/bcb5/expat.mak', 420, 438 ]
740 silly gunzTarPerm extractEntry deps/libexpat/bcb5/expatw.bpr
741 silly gunzTarPerm modified mode [ 'deps/libexpat/bcb5/expatw.bpr', 420, 438 ]
742 silly gunzTarPerm extractEntry deps/libexpat/bcb5/setup.bat
743 silly gunzTarPerm modified mode [ 'deps/libexpat/bcb5/setup.bat', 420, 438 ]
744 silly gunzTarPerm extractEntry deps/libexpat/bcb5/xmlwf.bpf
745 silly gunzTarPerm modified mode [ 'deps/libexpat/bcb5/xmlwf.bpf', 420, 438 ]
746 silly gunzTarPerm extractEntry deps/libexpat/bcb5/expatw.bpf
747 silly gunzTarPerm modified mode [ 'deps/libexpat/bcb5/expatw.bpf', 420, 438 ]
748 silly gunzTarPerm extractEntry deps/libexpat/bcb5/elements.bpr
749 silly gunzTarPerm modified mode [ 'deps/libexpat/bcb5/elements.bpr', 420, 438 ]
750 silly gunzTarPerm extractEntry deps/libexpat/bcb5/makefile.mak
751 silly gunzTarPerm modified mode [ 'deps/libexpat/bcb5/makefile.mak', 420, 438 ]
752 silly gunzTarPerm extractEntry deps/libexpat/bcb5/elements.bpf
753 silly gunzTarPerm modified mode [ 'deps/libexpat/bcb5/elements.bpf', 420, 438 ]
754 silly gunzTarPerm extractEntry deps/libexpat/bcb5/expat_static.bpr
755 silly gunzTarPerm modified mode [ 'deps/libexpat/bcb5/expat_static.bpr', 420, 438 ]
756 silly gunzTarPerm extractEntry deps/libexpat/bcb5/expatw_static.bpf
757 silly gunzTarPerm modified mode [ 'deps/libexpat/bcb5/expatw_static.bpf', 420, 438 ]
758 silly gunzTarPerm extractEntry deps/libexpat/bcb5/outline.bpf
759 silly gunzTarPerm modified mode [ 'deps/libexpat/bcb5/outline.bpf', 420, 438 ]
760 silly gunzTarPerm extractEntry deps/libexpat/bcb5/libexpatw_mtd.def
761 silly gunzTarPerm modified mode [ 'deps/libexpat/bcb5/libexpatw_mtd.def', 420, 438 ]
762 silly gunzTarPerm extractEntry deps/libexpat/bcb5/expatw.mak
763 silly gunzTarPerm modified mode [ 'deps/libexpat/bcb5/expatw.mak', 420, 438 ]
764 silly gunzTarPerm extractEntry deps/libexpat/bcb5/libexpat_mtd.def
765 silly gunzTarPerm modified mode [ 'deps/libexpat/bcb5/libexpat_mtd.def', 420, 438 ]
766 silly gunzTarPerm extractEntry deps/libexpat/bcb5/expatw_static.mak
767 silly gunzTarPerm modified mode [ 'deps/libexpat/bcb5/expatw_static.mak', 420, 438 ]
768 silly gunzTarPerm extractEntry deps/libexpat/bcb5/xmlwf.bpr
769 silly gunzTarPerm modified mode [ 'deps/libexpat/bcb5/xmlwf.bpr', 420, 438 ]
770 silly gunzTarPerm extractEntry deps/libexpat/bcb5/all_projects.bpg
771 silly gunzTarPerm modified mode [ 'deps/libexpat/bcb5/all_projects.bpg', 420, 438 ]
772 silly gunzTarPerm extractEntry deps/libexpat/bcb5/xmlwf.mak
773 silly gunzTarPerm modified mode [ 'deps/libexpat/bcb5/xmlwf.mak', 420, 438 ]
774 silly gunzTarPerm extractEntry deps/libexpat/bcb5/README.txt
775 silly gunzTarPerm modified mode [ 'deps/libexpat/bcb5/README.txt', 420, 438 ]
776 silly gunzTarPerm extractEntry deps/libexpat/bcb5/expat.bpr
777 silly gunzTarPerm modified mode [ 'deps/libexpat/bcb5/expat.bpr', 420, 438 ]
778 silly gunzTarPerm extractEntry deps/libexpat/bcb5/expat_static.bpf
779 silly gunzTarPerm modified mode [ 'deps/libexpat/bcb5/expat_static.bpf', 420, 438 ]
780 silly gunzTarPerm extractEntry deps/libexpat/bcb5/outline.mak
781 silly gunzTarPerm modified mode [ 'deps/libexpat/bcb5/outline.mak', 420, 438 ]
782 silly gunzTarPerm extractEntry deps/libexpat/bcb5/outline.bpr
783 silly gunzTarPerm modified mode [ 'deps/libexpat/bcb5/outline.bpr', 420, 438 ]
784 silly gunzTarPerm extractEntry deps/libexpat/bcb5/expatw_static.bpr
785 silly gunzTarPerm modified mode [ 'deps/libexpat/bcb5/expatw_static.bpr', 420, 438 ]
786 silly gunzTarPerm extractEntry deps/libexpat/bcb5/expat.bpf
787 silly gunzTarPerm modified mode [ 'deps/libexpat/bcb5/expat.bpf', 420, 438 ]
788 silly gunzTarPerm extractEntry deps/libexpat/bcb5/expat_static.mak
789 silly gunzTarPerm modified mode [ 'deps/libexpat/bcb5/expat_static.mak', 420, 438 ]
790 silly gunzTarPerm extractEntry deps/libexpat/version.c
791 silly gunzTarPerm modified mode [ 'deps/libexpat/version.c', 420, 438 ]
792 silly gunzTarPerm extractEntry deps/libexpat/libexpat.gyp
793 silly gunzTarPerm modified mode [ 'deps/libexpat/libexpat.gyp', 420, 438 ]
794 silly gunzTarPerm extractEntry deps/libexpat/expat.pc.in
795 silly gunzTarPerm modified mode [ 'deps/libexpat/expat.pc.in', 420, 438 ]
796 silly gunzTarPerm extractEntry deps/libexpat/expat_config.h.cmake
797 silly gunzTarPerm modified mode [ 'deps/libexpat/expat_config.h.cmake', 493, 511 ]
798 silly gunzTarPerm extractEntry deps/libexpat/lib/macconfig.h
799 silly gunzTarPerm modified mode [ 'deps/libexpat/lib/macconfig.h', 420, 438 ]
800 silly gunzTarPerm extractEntry deps/libexpat/lib/libexpat.def
801 silly gunzTarPerm modified mode [ 'deps/libexpat/lib/libexpat.def', 420, 438 ]
802 silly gunzTarPerm extractEntry deps/libexpat/lib/iasciitab.h
803 silly gunzTarPerm modified mode [ 'deps/libexpat/lib/iasciitab.h', 420, 438 ]
804 silly gunzTarPerm extractEntry deps/libexpat/lib/xmltok_impl.c
805 silly gunzTarPerm modified mode [ 'deps/libexpat/lib/xmltok_impl.c', 420, 438 ]
806 silly gunzTarPerm extractEntry deps/libexpat/lib/expat.dsp
807 silly gunzTarPerm modified mode [ 'deps/libexpat/lib/expat.dsp', 420, 438 ]
808 silly gunzTarPerm extractEntry deps/libexpat/lib/libexpatw.def
809 silly gunzTarPerm modified mode [ 'deps/libexpat/lib/libexpatw.def', 420, 438 ]
810 silly gunzTarPerm extractEntry deps/libexpat/lib/expat_external.h
811 silly gunzTarPerm modified mode [ 'deps/libexpat/lib/expat_external.h', 420, 438 ]
812 silly gunzTarPerm extractEntry deps/libexpat/lib/latin1tab.h
813 silly gunzTarPerm modified mode [ 'deps/libexpat/lib/latin1tab.h', 420, 438 ]
814 silly gunzTarPerm extractEntry deps/libexpat/lib/winconfig.h
815 silly gunzTarPerm modified mode [ 'deps/libexpat/lib/winconfig.h', 420, 438 ]
816 silly gunzTarPerm extractEntry deps/libexpat/lib/asciitab.h
817 silly gunzTarPerm modified mode [ 'deps/libexpat/lib/asciitab.h', 420, 438 ]
818 silly gunzTarPerm extractEntry deps/libexpat/lib/expat.h
819 silly gunzTarPerm modified mode [ 'deps/libexpat/lib/expat.h', 420, 438 ]
820 silly gunzTarPerm extractEntry deps/libexpat/lib/nametab.h
821 silly gunzTarPerm modified mode [ 'deps/libexpat/lib/nametab.h', 420, 438 ]
822 silly gunzTarPerm extractEntry deps/libexpat/lib/xmltok.h
823 silly gunzTarPerm modified mode [ 'deps/libexpat/lib/xmltok.h', 420, 438 ]
824 silly gunzTarPerm extractEntry deps/libexpat/lib/utf8tab.h
825 silly gunzTarPerm modified mode [ 'deps/libexpat/lib/utf8tab.h', 420, 438 ]
826 silly gunzTarPerm extractEntry deps/libexpat/lib/Makefile.MPW
827 silly gunzTarPerm modified mode [ 'deps/libexpat/lib/Makefile.MPW', 420, 438 ]
828 silly gunzTarPerm extractEntry deps/libexpat/lib/amigaconfig.h
829 silly gunzTarPerm modified mode [ 'deps/libexpat/lib/amigaconfig.h', 420, 438 ]
830 silly gunzTarPerm extractEntry deps/libexpat/lib/xmlparse.c
831 silly gunzTarPerm modified mode [ 'deps/libexpat/lib/xmlparse.c', 420, 438 ]
832 silly gunzTarPerm extractEntry deps/libexpat/lib/xmltok_impl.h
833 silly gunzTarPerm modified mode [ 'deps/libexpat/lib/xmltok_impl.h', 420, 438 ]
834 silly gunzTarPerm extractEntry deps/libexpat/lib/ascii.h
835 silly gunzTarPerm modified mode [ 'deps/libexpat/lib/ascii.h', 420, 438 ]
836 silly gunzTarPerm extractEntry deps/libexpat/lib/xmlrole.h
837 silly gunzTarPerm modified mode [ 'deps/libexpat/lib/xmlrole.h', 420, 438 ]
838 silly gunzTarPerm extractEntry deps/libexpat/lib/xmltok_ns.c
839 silly gunzTarPerm modified mode [ 'deps/libexpat/lib/xmltok_ns.c', 420, 438 ]
840 silly gunzTarPerm extractEntry deps/libexpat/lib/expat_static.dsp
841 silly gunzTarPerm modified mode [ 'deps/libexpat/lib/expat_static.dsp', 420, 438 ]
842 silly gunzTarPerm extractEntry deps/libexpat/lib/expatw_static.dsp
843 silly gunzTarPerm modified mode [ 'deps/libexpat/lib/expatw_static.dsp', 420, 438 ]
844 silly gunzTarPerm extractEntry deps/libexpat/lib/xmlrole.c
845 silly gunzTarPerm modified mode [ 'deps/libexpat/lib/xmlrole.c', 420, 438 ]
846 silly gunzTarPerm extractEntry deps/libexpat/lib/expatw.dsp
847 silly gunzTarPerm modified mode [ 'deps/libexpat/lib/expatw.dsp', 420, 438 ]
848 silly gunzTarPerm extractEntry deps/libexpat/lib/internal.h
849 silly gunzTarPerm modified mode [ 'deps/libexpat/lib/internal.h', 420, 438 ]
850 silly gentlyRm D:\git\training\office\node_modules\.staging\xml2json-d7f24e94\node_modules is being purged
851 verbose gentlyRm don't care about contents; nuking D:\git\training\office\node_modules\.staging\xml2json-d7f24e94\node_modules
852 silly gunzTarPerm extractEntry deps/libexpat/lib/xmltok.c
853 silly gunzTarPerm modified mode [ 'deps/libexpat/lib/xmltok.c', 420, 438 ]
854 silly gunzTarPerm extractEntry deps/libexpat/MANIFEST
855 silly gunzTarPerm modified mode [ 'deps/libexpat/MANIFEST', 420, 438 ]
856 silly gunzTarPerm extractEntry deps/libexpat/expat_config.h.in
857 silly gunzTarPerm modified mode [ 'deps/libexpat/expat_config.h.in', 420, 438 ]
858 silly gunzTarPerm extractEntry deps/libexpat/expat_config.h
859 silly gunzTarPerm modified mode [ 'deps/libexpat/expat_config.h', 420, 438 ]
860 silly gunzTarPerm extractEntry deps/libexpat/Changes
861 silly gunzTarPerm modified mode [ 'deps/libexpat/Changes', 420, 438 ]
862 silly gunzTarPerm extractEntry deps/libexpat/configure.in
863 silly gunzTarPerm modified mode [ 'deps/libexpat/configure.in', 420, 438 ]
864 silly gunzTarPerm extractEntry deps/libexpat/m4/libtool.m4
865 silly gunzTarPerm modified mode [ 'deps/libexpat/m4/libtool.m4', 420, 438 ]
866 silly gunzTarPerm extractEntry deps/libexpat/m4/ltversion.m4
867 silly gunzTarPerm modified mode [ 'deps/libexpat/m4/ltversion.m4', 420, 438 ]
868 silly gunzTarPerm extractEntry deps/libexpat/m4/lt~obsolete.m4
869 silly gunzTarPerm modified mode [ 'deps/libexpat/m4/lt~obsolete.m4', 420, 438 ]
870 silly gunzTarPerm extractEntry deps/libexpat/m4/ltsugar.m4
871 silly gunzTarPerm modified mode [ 'deps/libexpat/m4/ltsugar.m4', 420, 438 ]
872 silly gunzTarPerm extractEntry deps/libexpat/m4/ltoptions.m4
873 silly gunzTarPerm modified mode [ 'deps/libexpat/m4/ltoptions.m4', 420, 438 ]
874 silly gunzTarPerm extractEntry deps/libexpat/vms/expat_config.h
875 silly gunzTarPerm modified mode [ 'deps/libexpat/vms/expat_config.h', 420, 438 ]
876 silly gunzTarPerm extractEntry deps/libexpat/vms/README.vms
877 silly gunzTarPerm modified mode [ 'deps/libexpat/vms/README.vms', 420, 438 ]
878 silly gunzTarPerm extractEntry deps/libexpat/vms/descrip.mms
879 silly gunzTarPerm modified mode [ 'deps/libexpat/vms/descrip.mms', 420, 438 ]
880 silly gunzTarPerm extractEntry deps/libexpat/conftools/PrintPath
881 silly gunzTarPerm modified mode [ 'deps/libexpat/conftools/PrintPath', 493, 511 ]
882 silly gunzTarPerm extractEntry deps/libexpat/conftools/expat.m4
883 silly gunzTarPerm modified mode [ 'deps/libexpat/conftools/expat.m4', 420, 438 ]
884 silly gunzTarPerm extractEntry deps/libexpat/conftools/ac_c_bigendian_cross.m4
885 silly gunzTarPerm modified mode [ 'deps/libexpat/conftools/ac_c_bigendian_cross.m4', 420, 438 ]
886 silly gunzTarPerm extractEntry deps/libexpat/conftools/mkinstalldirs
887 silly gunzTarPerm modified mode [ 'deps/libexpat/conftools/mkinstalldirs', 493, 511 ]
888 silly gunzTarPerm extractEntry deps/libexpat/conftools/config.guess
889 silly gunzTarPerm modified mode [ 'deps/libexpat/conftools/config.guess', 493, 511 ]
890 silly gunzTarPerm extractEntry deps/libexpat/conftools/get-version.sh
891 silly gunzTarPerm modified mode [ 'deps/libexpat/conftools/get-version.sh', 493, 511 ]
892 silly gunzTarPerm extractEntry deps/libexpat/conftools/install-sh
893 silly gunzTarPerm modified mode [ 'deps/libexpat/conftools/install-sh', 493, 511 ]
894 silly gunzTarPerm extractEntry deps/libexpat/conftools/ltmain.sh
895 silly gunzTarPerm modified mode [ 'deps/libexpat/conftools/ltmain.sh', 493, 511 ]
896 silly gunzTarPerm extractEntry deps/libexpat/conftools/config.sub
897 silly gunzTarPerm modified mode [ 'deps/libexpat/conftools/config.sub', 493, 511 ]
898 silly gunzTarPerm extractEntry deps/libexpat/CMakeLists.txt
899 silly gunzTarPerm modified mode [ 'deps/libexpat/CMakeLists.txt', 493, 511 ]
900 silly gunzTarPerm extractEntry deps/libexpat/amiga/expat_vectors.c
901 silly gunzTarPerm modified mode [ 'deps/libexpat/amiga/expat_vectors.c', 420, 438 ]
902 silly gunzTarPerm extractEntry deps/libexpat/amiga/expat.xml
903 silly gunzTarPerm modified mode [ 'deps/libexpat/amiga/expat.xml', 420, 438 ]
904 silly gunzTarPerm extractEntry deps/libexpat/amiga/expat_68k_handler_stubs.c
905 silly gunzTarPerm modified mode [ 'deps/libexpat/amiga/expat_68k_handler_stubs.c', 493, 511 ]
906 silly gunzTarPerm extractEntry deps/libexpat/amiga/expat_68k.c
907 silly gunzTarPerm modified mode [ 'deps/libexpat/amiga/expat_68k.c', 420, 438 ]
908 silly gunzTarPerm extractEntry deps/libexpat/amiga/Makefile
909 silly gunzTarPerm modified mode [ 'deps/libexpat/amiga/Makefile', 420, 438 ]
910 silly gunzTarPerm extractEntry deps/libexpat/amiga/expat_lib.c
911 silly gunzTarPerm modified mode [ 'deps/libexpat/amiga/expat_lib.c', 493, 511 ]
912 silly gunzTarPerm extractEntry deps/libexpat/amiga/launch.c
913 silly gunzTarPerm modified mode [ 'deps/libexpat/amiga/launch.c', 493, 511 ]
914 silly gunzTarPerm extractEntry deps/libexpat/amiga/README.txt
915 silly gunzTarPerm modified mode [ 'deps/libexpat/amiga/README.txt', 420, 438 ]
916 silly gunzTarPerm extractEntry deps/libexpat/amiga/expat_base.h
917 silly gunzTarPerm modified mode [ 'deps/libexpat/amiga/expat_base.h', 420, 438 ]
918 silly gunzTarPerm extractEntry deps/libexpat/amiga/include/libraries/expat.h
919 silly gunzTarPerm modified mode [ 'deps/libexpat/amiga/include/libraries/expat.h', 420, 438 ]
920 silly gunzTarPerm extractEntry deps/libexpat/amiga/include/proto/expat.h
921 silly gunzTarPerm modified mode [ 'deps/libexpat/amiga/include/proto/expat.h', 420, 438 ]
922 silly gunzTarPerm extractEntry deps/libexpat/amiga/include/interfaces/expat.h
923 silly gunzTarPerm modified mode [ 'deps/libexpat/amiga/include/interfaces/expat.h', 420, 438 ]
924 silly gunzTarPerm extractEntry deps/libexpat/amiga/include/inline4/expat.h
925 silly gunzTarPerm modified mode [ 'deps/libexpat/amiga/include/inline4/expat.h', 420, 438 ]
926 silly gunzTarPerm extractEntry deps/libexpat/amiga/expat_68k.h
927 silly gunzTarPerm modified mode [ 'deps/libexpat/amiga/expat_68k.h', 493, 511 ]
928 silly gunzTarPerm extractEntry deps/libexpat/aclocal.m4
929 silly gunzTarPerm modified mode [ 'deps/libexpat/aclocal.m4', 420, 438 ]
930 silly gunzTarPerm extractEntry deps/libexpat/COPYING
931 silly gunzTarPerm modified mode [ 'deps/libexpat/COPYING', 420, 438 ]
932 silly gunzTarPerm extractEntry deps/libexpat/expat.dsw
933 silly gunzTarPerm modified mode [ 'deps/libexpat/expat.dsw', 493, 511 ]
934 silly gunzTarPerm extractEntry deps/libexpat/tests/runtests.c
935 silly gunzTarPerm modified mode [ 'deps/libexpat/tests/runtests.c', 420, 438 ]
936 silly gunzTarPerm extractEntry deps/libexpat/tests/xmltest.sh
937 silly gunzTarPerm modified mode [ 'deps/libexpat/tests/xmltest.sh', 493, 511 ]
938 silly gunzTarPerm extractEntry deps/libexpat/tests/minicheck.c
939 silly gunzTarPerm modified mode [ 'deps/libexpat/tests/minicheck.c', 420, 438 ]
940 silly gunzTarPerm extractEntry deps/libexpat/tests/minicheck.h
941 silly gunzTarPerm modified mode [ 'deps/libexpat/tests/minicheck.h', 420, 438 ]
942 silly gunzTarPerm extractEntry deps/libexpat/tests/runtestspp.cpp
943 silly gunzTarPerm modified mode [ 'deps/libexpat/tests/runtestspp.cpp', 420, 438 ]
944 silly gunzTarPerm extractEntry deps/libexpat/tests/chardata.c
945 silly gunzTarPerm modified mode [ 'deps/libexpat/tests/chardata.c', 420, 438 ]
946 silly gunzTarPerm extractEntry deps/libexpat/tests/README.txt
947 silly gunzTarPerm modified mode [ 'deps/libexpat/tests/README.txt', 420, 438 ]
948 silly gunzTarPerm extractEntry deps/libexpat/tests/chardata.h
949 silly gunzTarPerm modified mode [ 'deps/libexpat/tests/chardata.h', 420, 438 ]
950 silly gunzTarPerm extractEntry deps/libexpat/tests/benchmark/benchmark.dsp
951 silly gunzTarPerm modified mode [ 'deps/libexpat/tests/benchmark/benchmark.dsp', 420, 438 ]
952 silly gunzTarPerm extractEntry deps/libexpat/tests/benchmark/README.txt
953 silly gunzTarPerm modified mode [ 'deps/libexpat/tests/benchmark/README.txt', 420, 438 ]
954 silly gunzTarPerm extractEntry deps/libexpat/tests/benchmark/benchmark.c
955 silly gunzTarPerm modified mode [ 'deps/libexpat/tests/benchmark/benchmark.c', 420, 438 ]
956 silly gunzTarPerm extractEntry deps/libexpat/tests/benchmark/benchmark.dsw
957 silly gunzTarPerm modified mode [ 'deps/libexpat/tests/benchmark/benchmark.dsw', 420, 438 ]
958 silly gunzTarPerm extractEntry lib/node-expat.js
959 silly gunzTarPerm modified mode [ 'lib/node-expat.js', 420, 438 ]
960 silly gunzTarPerm extractEntry binding.gyp
961 silly gunzTarPerm modified mode [ 'binding.gyp', 420, 438 ]
962 silly gentlyRm D:\git\training\office\node_modules\.staging\node-expat-8970b56a\node_modules is being purged
963 verbose gentlyRm don't care about contents; nuking D:\git\training\office\node_modules\.staging\node-expat-8970b56a\node_modules
964 silly doParallel preinstall 7
965 silly preinstall graceful-fs@1.2.3 D:\git\training\office\node_modules\.staging\graceful-fs-b6173034
966 info lifecycle graceful-fs@1.2.3~preinstall: graceful-fs@1.2.3
967 silly preinstall node-expat@2.0.0 D:\git\training\office\node_modules\.staging\node-expat-8970b56a
968 info lifecycle node-expat@2.0.0~preinstall: node-expat@2.0.0
969 silly preinstall osenv@0.0.3 D:\git\training\office\node_modules\.staging\osenv-c931e56e
970 info lifecycle osenv@0.0.3~preinstall: osenv@0.0.3
971 silly preinstall rimraf@2.1.4 D:\git\training\office\node_modules\.staging\rimraf-3d21ab61
972 info lifecycle rimraf@2.1.4~preinstall: rimraf@2.1.4
973 silly preinstall temp@0.6.0 D:\git\training\office\node_modules\.staging\temp-9fa97e61
974 info lifecycle temp@0.6.0~preinstall: temp@0.6.0
975 silly preinstall xml2json@0.3.2 D:\git\training\office\node_modules\.staging\xml2json-d7f24e94
976 info lifecycle xml2json@0.3.2~preinstall: xml2json@0.3.2
977 silly preinstall office@0.0.8 D:\git\training\office\node_modules\.staging\office-c0a44eb5
978 info lifecycle office@0.0.8~preinstall: office@0.0.8
979 silly lifecycle graceful-fs@1.2.3~preinstall: no script for preinstall, continuing
980 silly lifecycle node-expat@2.0.0~preinstall: no script for preinstall, continuing
981 silly lifecycle osenv@0.0.3~preinstall: no script for preinstall, continuing
982 silly lifecycle temp@0.6.0~preinstall: no script for preinstall, continuing
983 silly lifecycle xml2json@0.3.2~preinstall: no script for preinstall, continuing
984 silly lifecycle office@0.0.8~preinstall: no script for preinstall, continuing
985 silly lifecycle rimraf@2.1.4~preinstall: no script for preinstall, continuing
986 silly doReverseSerial remove 0
987 silly doSerial move 0
988 silly doSerial finalize 7
989 silly finalize D:\git\training\office\node_modules\graceful-fs
990 silly finalize D:\git\training\office\node_modules\node-expat
991 silly finalize D:\git\training\office\node_modules\osenv
992 silly finalize D:\git\training\office\node_modules\rimraf
993 silly finalize D:\git\training\office\node_modules\temp
994 silly finalize D:\git\training\office\node_modules\xml2json
995 silly finalize D:\git\training\office\node_modules\office
996 silly doSerial build 7
997 silly build graceful-fs@1.2.3
998 info linkStuff graceful-fs@1.2.3
999 silly linkStuff graceful-fs@1.2.3 has D:\git\training\office\node_modules as its parent node_modules
1000 verbose linkBins graceful-fs@1.2.3
1001 verbose linkMans graceful-fs@1.2.3
1002 silly build node-expat@2.0.0
1003 info linkStuff node-expat@2.0.0
1004 silly linkStuff node-expat@2.0.0 has D:\git\training\office\node_modules as its parent node_modules
1005 verbose linkBins node-expat@2.0.0
1006 verbose linkMans node-expat@2.0.0
1007 silly build osenv@0.0.3
1008 info linkStuff osenv@0.0.3
1009 silly linkStuff osenv@0.0.3 has D:\git\training\office\node_modules as its parent node_modules
1010 verbose linkBins osenv@0.0.3
1011 verbose linkMans osenv@0.0.3
1012 silly build rimraf@2.1.4
1013 info linkStuff rimraf@2.1.4
1014 silly linkStuff rimraf@2.1.4 has D:\git\training\office\node_modules as its parent node_modules
1015 verbose linkBins rimraf@2.1.4
1016 verbose linkMans rimraf@2.1.4
1017 silly build temp@0.6.0
1018 info linkStuff temp@0.6.0
1019 silly linkStuff temp@0.6.0 has D:\git\training\office\node_modules as its parent node_modules
1020 verbose linkBins temp@0.6.0
1021 verbose linkMans temp@0.6.0
1022 silly build xml2json@0.3.2
1023 info linkStuff xml2json@0.3.2
1024 silly linkStuff xml2json@0.3.2 has D:\git\training\office\node_modules as its parent node_modules
1025 verbose linkBins xml2json@0.3.2
1026 verbose linkMans xml2json@0.3.2
1027 silly build office@0.0.8
1028 info linkStuff office@0.0.8
1029 silly linkStuff office@0.0.8 has D:\git\training\office\node_modules as its parent node_modules
1030 verbose linkBins office@0.0.8
1031 verbose linkMans office@0.0.8
1032 silly doSerial global-link 0
1033 silly doParallel update-linked 0
1034 silly doSerial install 7
1035 silly install graceful-fs@1.2.3 D:\git\training\office\node_modules\.staging\graceful-fs-b6173034
1036 info lifecycle graceful-fs@1.2.3~install: graceful-fs@1.2.3
1037 silly lifecycle graceful-fs@1.2.3~install: no script for install, continuing
1038 silly install node-expat@2.0.0 D:\git\training\office\node_modules\.staging\node-expat-8970b56a
1039 info lifecycle node-expat@2.0.0~install: node-expat@2.0.0
1040 verbose lifecycle node-expat@2.0.0~install: unsafe-perm in lifecycle true
1041 verbose lifecycle node-expat@2.0.0~install: PATH: C:\Program Files\nodejs\node_modules\npm\bin\node-gyp-bin;D:\git\training\office\node_modules\node-expat\node_modules\.bin;D:\git\training\office\node_modules\.bin;C:\Program Files\nodejs;C:\Program Files (x86)\Intel\iCLS Client\;C:\Program Files\Intel\iCLS Client\;C:\Windows\system32;C:\Windows;C:\Windows\System32\Wbem;C:\Windows\System32\WindowsPowerShell\v1.0\;C:\Program Files\Intel\Intel(R) Management Engine Components\DAL;C:\Program Files (x86)\Intel\Intel(R) Management Engine Components\DAL;C:\Program Files\Intel\Intel(R) Management Engine Components\IPT;C:\Program Files (x86)\Intel\Intel(R) Management Engine Components\IPT;C:\Program Files (x86)\Skype\Phone\;C:\Program Files (x86)\Windows Kits\8.1\Windows Performance Toolkit\;C:\Program Files\Microsoft SQL Server\110\Tools\Binn\;C:\Program Files\Git\cmd;C:\Program Files (x86)\Microsoft SDKs\TypeScript\1.0\;C:\Program Files\Microsoft SQL Server\120\Tools\Binn\;C:\Program Files\nodejs\;C:\Program Files\Microsoft SQL Server\Client SDK\ODBC\110\Tools\Binn\;C:\Program Files (x86)\Microsoft SQL Server\120\Tools\Binn\;C:\Program Files\Microsoft SQL Server\120\DTS\Binn\;C:\Program Files (x86)\Microsoft SQL Server\120\Tools\Binn\ManagementStudio\;C:\Program Files (x86)\Microsoft SQL Server\120\DTS\Binn\;C:\Users\vadym.riznyk\AppData\Local\Programs\Python\Python35-32\Scripts\;C:\Users\vadym.riznyk\AppData\Local\Programs\Python\Python35-32\;C:\Users\vadym.riznyk\AppData\Local\Programs\Python\Launcher\;C:\Users\vadym.riznyk\AppData\Roaming\npm
1042 verbose lifecycle node-expat@2.0.0~install: CWD: D:\git\training\office\node_modules\node-expat
1043 silly lifecycle node-expat@2.0.0~install: Args: [ '/d /s /c', 'node-gyp rebuild' ]
1044 silly lifecycle node-expat@2.0.0~install: Returned: code: 1  signal: null
1045 info lifecycle node-expat@2.0.0~install: Failed to exec install script
1046 verbose unlock done using C:\Users\vadym.riznyk\AppData\Roaming\npm-cache\_locks\staging-f144f31a89cf64eb.lock for D:\git\training\office\node_modules\.staging
1047 silly rollbackFailedOptional Starting
1048 silly rollbackFailedOptional Finishing
1049 silly runTopLevelLifecycles Starting
1050 silly runTopLevelLifecycles Finishing
1051 silly install printInstalled
1052 warn enoent ENOENT: no such file or directory, open 'D:\git\training\office\package.json'
1053 warn office No description
1054 warn office No repository field.
1055 warn office No README data
1056 warn office No license field.
1057 verbose stack Error: node-expat@2.0.0 install: `node-gyp rebuild`
1057 verbose stack Exit status 1
1057 verbose stack     at EventEmitter.<anonymous> (C:\Program Files\nodejs\node_modules\npm\lib\utils\lifecycle.js:239:16)
1057 verbose stack     at emitTwo (events.js:106:13)
1057 verbose stack     at EventEmitter.emit (events.js:191:7)
1057 verbose stack     at ChildProcess.<anonymous> (C:\Program Files\nodejs\node_modules\npm\lib\utils\spawn.js:24:14)
1057 verbose stack     at emitTwo (events.js:106:13)
1057 verbose stack     at ChildProcess.emit (events.js:191:7)
1057 verbose stack     at maybeClose (internal/child_process.js:850:16)
1057 verbose stack     at Process.ChildProcess._handle.onexit (internal/child_process.js:215:5)
1058 verbose pkgid node-expat@2.0.0
1059 verbose cwd D:\git\training\office
1060 error Windows_NT 10.0.10586
1061 error argv "C:\\Program Files\\nodejs\\node.exe" "C:\\Program Files\\nodejs\\node_modules\\npm\\bin\\npm-cli.js" "install" "office"
1062 error node v6.1.0
1063 error npm  v3.8.6
1064 error code ELIFECYCLE
1065 error node-expat@2.0.0 install: `node-gyp rebuild`
1065 error Exit status 1
1066 error Failed at the node-expat@2.0.0 install script 'node-gyp rebuild'.
1066 error Make sure you have the latest version of node.js and npm installed.
1066 error If you do, this is most likely a problem with the node-expat package,
1066 error not with npm itself.
1066 error Tell the author that this fails on your system:
1066 error     node-gyp rebuild
1066 error You can get information on how to open an issue for this project with:
1066 error     npm bugs node-expat
1066 error Or if that isn't available, you can get their info via:
1066 error     npm owner ls node-expat
1066 error There is likely additional logging output above.
1067 verbose exit [ 1, true ]
